[02/17/24 18:36:11] crowsnest: crowsnest - A webcam Service for multiple Cams and Stream Services.
[02/17/24 18:36:11] crowsnest: Version: v4.1.4-1-gba0ac8f
[02/17/24 18:36:11] crowsnest: Prepare Startup ...
[02/17/24 18:36:11] crowsnest: INFO: Host information:
[02/17/24 18:36:11] crowsnest: Host Info: Distribution: Ubuntu 22.04.2 LTS
[02/17/24 18:36:11] crowsnest: Host Info: Kernel: Linux 5.15.0-84-generic x86_64
[02/17/24 18:36:11] crowsnest: Host Info: Model:  Intel(R) Core(TM) i5-5200U CPU @ 2.20GHz
[02/17/24 18:36:11] crowsnest: Host Info: Available CPU Cores: 4
[02/17/24 18:36:11] crowsnest: Host Info: Available Memory: 12115948 kB
[02/17/24 18:36:11] crowsnest: Host Info: Diskspace (avail. / total): 411G / 457G
[02/17/24 18:36:11] crowsnest: INFO: Checking Dependencies
[02/17/24 18:36:11] crowsnest: Dependency: 'crudini' found in /usr/bin/crudini.
[02/17/24 18:36:11] crowsnest: Dependency: 'find' found in /usr/bin/find.
[02/17/24 18:36:11] crowsnest: Dependency: 'xargs' found in /usr/bin/xargs.
[02/17/24 18:36:11] crowsnest: Dependency: 'ustreamer' found in bin/ustreamer/ustreamer.
[02/17/24 18:36:11] crowsnest: Version Control: ustreamer is up to date. (v5.50)
[02/17/24 18:36:11] crowsnest: INFO: Print Configfile: '/home/daniel/printer_data/config/crowsnest.conf'
[02/17/24 18:36:11] crowsnest:		[crowsnest]
[02/17/24 18:36:11] crowsnest:		log_path: /home/daniel/printer_data/logs/crowsnest.log
[02/17/24 18:36:11] crowsnest:		log_level: verbose
[02/17/24 18:36:11] crowsnest:		delete_log: false
[02/17/24 18:36:11] crowsnest:		no_proxy: false
[02/17/24 18:36:11] crowsnest:		
[02/17/24 18:36:11] crowsnest:		[cam 1]
[02/17/24 18:36:11] crowsnest:		mode: ustreamer
[02/17/24 18:36:11] crowsnest:		
[02/17/24 18:36:11] crowsnest:		enable_rtsp: false
[02/17/24 18:36:11] crowsnest:		rtsp_port: 8554
[02/17/24 18:36:11] crowsnest:		port: 8080
[02/17/24 18:36:11] crowsnest:		device: /dev/video0
[02/17/24 18:36:11] crowsnest:		resolution: 640x480
[02/17/24 18:36:11] crowsnest:		max_fps: 15
[02/17/24 18:36:11] crowsnest: INFO: Detect available Devices
[02/17/24 18:36:11] crowsnest: INFO: Found 2 total available Device(s)
[02/17/24 18:36:11] crowsnest: INFO: Found 2 available v4l2 (UVC) camera(s)
[02/17/24 18:36:11] crowsnest: /dev/v4l/by-id/usb-046d_0825_D4AF0E90-video-index0 -> /dev/video2
[02/17/24 18:36:11] crowsnest: Supported Formats:
[02/17/24 18:36:11] crowsnest:		[0]: 'YUYV' (YUYV 4:2:2)
[02/17/24 18:36:11] crowsnest:		Size: Discrete 640x480
[02/17/24 18:36:11] crowsnest:		Interval: Discrete 0.033s (30.000 fps)
[02/17/24 18:36:11] crowsnest:		Interval: Discrete 0.040s (25.000 fps)
[02/17/24 18:36:11] crowsnest:		Interval: Discrete 0.050s (20.000 fps)
[02/17/24 18:36:11] crowsnest:		Interval: Discrete 0.067s (15.000 fps)
[02/17/24 18:36:11] crowsnest:		Interval: Discrete 0.100s (10.000 fps)
[02/17/24 18:36:11] crowsnest:		Interval: Discrete 0.200s (5.000 fps)
[02/17/24 18:36:11] crowsnest:		Size: Discrete 160x120
[02/17/24 18:36:11] crowsnest:		Interval: Discrete 0.033s (30.000 fps)
[02/17/24 18:36:11] crowsnest:		Interval: Discrete 0.040s (25.000 fps)
[02/17/24 18:36:11] crowsnest:		Interval: Discrete 0.050s (20.000 fps)
[02/17/24 18:36:11] crowsnest:		Interval: Discrete 0.067s (15.000 fps)
[02/17/24 18:36:11] crowsnest:		Interval: Discrete 0.100s (10.000 fps)
[02/17/24 18:36:11] crowsnest:		Interval: Discrete 0.200s (5.000 fps)
[02/17/24 18:36:11] crowsnest:		Size: Discrete 176x144
[02/17/24 18:36:11] crowsnest:		Interval: Discrete 0.033s (30.000 fps)
[02/17/24 18:36:11] crowsnest:		Interval: Discrete 0.040s (25.000 fps)
[02/17/24 18:36:11] crowsnest:		Interval: Discrete 0.050s (20.000 fps)
[02/17/24 18:36:11] crowsnest:		Interval: Discrete 0.067s (15.000 fps)
[02/17/24 18:36:11] crowsnest:		Interval: Discrete 0.100s (10.000 fps)
[02/17/24 18:36:11] crowsnest:		Interval: Discrete 0.200s (5.000 fps)
[02/17/24 18:36:11] crowsnest:		Size: Discrete 320x176
[02/17/24 18:36:11] crowsnest:		Interval: Discrete 0.033s (30.000 fps)
[02/17/24 18:36:11] crowsnest:		Interval: Discrete 0.040s (25.000 fps)
[02/17/24 18:36:11] crowsnest:		Interval: Discrete 0.050s (20.000 fps)
[02/17/24 18:36:11] crowsnest:		Interval: Discrete 0.067s (15.000 fps)
[02/17/24 18:36:11] crowsnest:		Interval: Discrete 0.100s (10.000 fps)
[02/17/24 18:36:11] crowsnest:		Interval: Discrete 0.200s (5.000 fps)
[02/17/24 18:36:11] crowsnest:		Size: Discrete 320x240
[02/17/24 18:36:11] crowsnest:		Interval: Discrete 0.033s (30.000 fps)
[02/17/24 18:36:11] crowsnest:		Interval: Discrete 0.040s (25.000 fps)
[02/17/24 18:36:11] crowsnest:		Interval: Discrete 0.050s (20.000 fps)
[02/17/24 18:36:11] crowsnest:		Interval: Discrete 0.067s (15.000 fps)
[02/17/24 18:36:11] crowsnest:		Interval: Discrete 0.100s (10.000 fps)
[02/17/24 18:36:11] crowsnest:		Interval: Discrete 0.200s (5.000 fps)
[02/17/24 18:36:11] crowsnest:		Size: Discrete 352x288
[02/17/24 18:36:11] crowsnest:		Interval: Discrete 0.033s (30.000 fps)
[02/17/24 18:36:11] crowsnest:		Interval: Discrete 0.040s (25.000 fps)
[02/17/24 18:36:11] crowsnest:		Interval: Discrete 0.050s (20.000 fps)
[02/17/24 18:36:11] crowsnest:		Interval: Discrete 0.067s (15.000 fps)
[02/17/24 18:36:11] crowsnest:		Interval: Discrete 0.100s (10.000 fps)
[02/17/24 18:36:11] crowsnest:		Interval: Discrete 0.200s (5.000 fps)
[02/17/24 18:36:11] crowsnest:		Size: Discrete 432x240
[02/17/24 18:36:11] crowsnest:		Interval: Discrete 0.033s (30.000 fps)
[02/17/24 18:36:11] crowsnest:		Interval: Discrete 0.040s (25.000 fps)
[02/17/24 18:36:11] crowsnest:		Interval: Discrete 0.050s (20.000 fps)
[02/17/24 18:36:11] crowsnest:		Interval: Discrete 0.067s (15.000 fps)
[02/17/24 18:36:11] crowsnest:		Interval: Discrete 0.100s (10.000 fps)
[02/17/24 18:36:11] crowsnest:		Interval: Discrete 0.200s (5.000 fps)
[02/17/24 18:36:11] crowsnest:		Size: Discrete 544x288
[02/17/24 18:36:11] crowsnest:		Interval: Discrete 0.033s (30.000 fps)
[02/17/24 18:36:11] crowsnest:		Interval: Discrete 0.040s (25.000 fps)
[02/17/24 18:36:11] crowsnest:		Interval: Discrete 0.050s (20.000 fps)
[02/17/24 18:36:11] crowsnest:		Interval: Discrete 0.067s (15.000 fps)
[02/17/24 18:36:11] crowsnest:		Interval: Discrete 0.100s (10.000 fps)
[02/17/24 18:36:11] crowsnest:		Interval: Discrete 0.200s (5.000 fps)
[02/17/24 18:36:11] crowsnest:		Size: Discrete 640x360
[02/17/24 18:36:11] crowsnest:		Interval: Discrete 0.033s (30.000 fps)
[02/17/24 18:36:11] crowsnest:		Interval: Discrete 0.040s (25.000 fps)
[02/17/24 18:36:11] crowsnest:		Interval: Discrete 0.050s (20.000 fps)
[02/17/24 18:36:11] crowsnest:		Interval: Discrete 0.067s (15.000 fps)
[02/17/24 18:36:11] crowsnest:		Interval: Discrete 0.100s (10.000 fps)
[02/17/24 18:36:11] crowsnest:		Interval: Discrete 0.200s (5.000 fps)
[02/17/24 18:36:11] crowsnest:		Size: Discrete 752x416
[02/17/24 18:36:11] crowsnest:		Interval: Discrete 0.040s (25.000 fps)
[02/17/24 18:36:11] crowsnest:		Interval: Discrete 0.050s (20.000 fps)
[02/17/24 18:36:11] crowsnest:		Interval: Discrete 0.067s (15.000 fps)
[02/17/24 18:36:11] crowsnest:		Interval: Discrete 0.100s (10.000 fps)
[02/17/24 18:36:11] crowsnest:		Interval: Discrete 0.200s (5.000 fps)
[02/17/24 18:36:11] crowsnest:		Size: Discrete 800x448
[02/17/24 18:36:11] crowsnest:		Interval: Discrete 0.050s (20.000 fps)
[02/17/24 18:36:11] crowsnest:		Interval: Discrete 0.067s (15.000 fps)
[02/17/24 18:36:11] crowsnest:		Interval: Discrete 0.100s (10.000 fps)
[02/17/24 18:36:11] crowsnest:		Interval: Discrete 0.200s (5.000 fps)
[02/17/24 18:36:11] crowsnest:		Size: Discrete 800x600
[02/17/24 18:36:11] crowsnest:		Interval: Discrete 0.050s (20.000 fps)
[02/17/24 18:36:11] crowsnest:		Interval: Discrete 0.067s (15.000 fps)
[02/17/24 18:36:11] crowsnest:		Interval: Discrete 0.100s (10.000 fps)
[02/17/24 18:36:11] crowsnest:		Interval: Discrete 0.200s (5.000 fps)
[02/17/24 18:36:11] crowsnest:		Size: Discrete 864x480
[02/17/24 18:36:11] crowsnest:		Interval: Discrete 0.050s (20.000 fps)
[02/17/24 18:36:11] crowsnest:		Interval: Discrete 0.067s (15.000 fps)
[02/17/24 18:36:11] crowsnest:		Interval: Discrete 0.100s (10.000 fps)
[02/17/24 18:36:11] crowsnest:		Interval: Discrete 0.200s (5.000 fps)
[02/17/24 18:36:11] crowsnest:		Size: Discrete 960x544
[02/17/24 18:36:11] crowsnest:		Interval: Discrete 0.067s (15.000 fps)
[02/17/24 18:36:11] crowsnest:		Interval: Discrete 0.100s (10.000 fps)
[02/17/24 18:36:11] crowsnest:		Interval: Discrete 0.200s (5.000 fps)
[02/17/24 18:36:11] crowsnest:		Size: Discrete 960x720
[02/17/24 18:36:11] crowsnest:		Interval: Discrete 0.100s (10.000 fps)
[02/17/24 18:36:11] crowsnest:		Interval: Discrete 0.200s (5.000 fps)
[02/17/24 18:36:11] crowsnest:		Size: Discrete 1024x576
[02/17/24 18:36:11] crowsnest:		Interval: Discrete 0.100s (10.000 fps)
[02/17/24 18:36:11] crowsnest:		Interval: Discrete 0.200s (5.000 fps)
[02/17/24 18:36:11] crowsnest:		Size: Discrete 1184x656
[02/17/24 18:36:11] crowsnest:		Interval: Discrete 0.100s (10.000 fps)
[02/17/24 18:36:11] crowsnest:		Interval: Discrete 0.200s (5.000 fps)
[02/17/24 18:36:11] crowsnest:		Size: Discrete 1280x720
[02/17/24 18:36:11] crowsnest:		Interval: Discrete 0.133s (7.500 fps)
[02/17/24 18:36:11] crowsnest:		Interval: Discrete 0.200s (5.000 fps)
[02/17/24 18:36:11] crowsnest:		Size: Discrete 1280x960
[02/17/24 18:36:11] crowsnest:		Interval: Discrete 0.133s (7.500 fps)
[02/17/24 18:36:11] crowsnest:		Interval: Discrete 0.200s (5.000 fps)
[02/17/24 18:36:11] crowsnest:		[1]: 'MJPG' (Motion-JPEG, compressed)
[02/17/24 18:36:11] crowsnest:		Size: Discrete 640x480
[02/17/24 18:36:11] crowsnest:		Interval: Discrete 0.033s (30.000 fps)
[02/17/24 18:36:11] crowsnest:		Interval: Discrete 0.040s (25.000 fps)
[02/17/24 18:36:11] crowsnest:		Interval: Discrete 0.050s (20.000 fps)
[02/17/24 18:36:11] crowsnest:		Interval: Discrete 0.067s (15.000 fps)
[02/17/24 18:36:11] crowsnest:		Interval: Discrete 0.100s (10.000 fps)
[02/17/24 18:36:11] crowsnest:		Interval: Discrete 0.200s (5.000 fps)
[02/17/24 18:36:11] crowsnest:		Size: Discrete 160x120
[02/17/24 18:36:11] crowsnest:		Interval: Discrete 0.033s (30.000 fps)
[02/17/24 18:36:11] crowsnest:		Interval: Discrete 0.040s (25.000 fps)
[02/17/24 18:36:11] crowsnest:		Interval: Discrete 0.050s (20.000 fps)
[02/17/24 18:36:11] crowsnest:		Interval: Discrete 0.067s (15.000 fps)
[02/17/24 18:36:11] crowsnest:		Interval: Discrete 0.100s (10.000 fps)
[02/17/24 18:36:11] crowsnest:		Interval: Discrete 0.200s (5.000 fps)
[02/17/24 18:36:11] crowsnest:		Size: Discrete 176x144
[02/17/24 18:36:11] crowsnest:		Interval: Discrete 0.033s (30.000 fps)
[02/17/24 18:36:11] crowsnest:		Interval: Discrete 0.040s (25.000 fps)
[02/17/24 18:36:11] crowsnest:		Interval: Discrete 0.050s (20.000 fps)
[02/17/24 18:36:11] crowsnest:		Interval: Discrete 0.067s (15.000 fps)
[02/17/24 18:36:11] crowsnest:		Interval: Discrete 0.100s (10.000 fps)
[02/17/24 18:36:11] crowsnest:		Interval: Discrete 0.200s (5.000 fps)
[02/17/24 18:36:11] crowsnest:		Size: Discrete 320x176
[02/17/24 18:36:11] crowsnest:		Interval: Discrete 0.033s (30.000 fps)
[02/17/24 18:36:11] crowsnest:		Interval: Discrete 0.040s (25.000 fps)
[02/17/24 18:36:11] crowsnest:		Interval: Discrete 0.050s (20.000 fps)
[02/17/24 18:36:11] crowsnest:		Interval: Discrete 0.067s (15.000 fps)
[02/17/24 18:36:11] crowsnest:		Interval: Discrete 0.100s (10.000 fps)
[02/17/24 18:36:11] crowsnest:		Interval: Discrete 0.200s (5.000 fps)
[02/17/24 18:36:11] crowsnest:		Size: Discrete 320x240
[02/17/24 18:36:11] crowsnest:		Interval: Discrete 0.033s (30.000 fps)
[02/17/24 18:36:11] crowsnest:		Interval: Discrete 0.040s (25.000 fps)
[02/17/24 18:36:11] crowsnest:		Interval: Discrete 0.050s (20.000 fps)
[02/17/24 18:36:11] crowsnest:		Interval: Discrete 0.067s (15.000 fps)
[02/17/24 18:36:11] crowsnest:		Interval: Discrete 0.100s (10.000 fps)
[02/17/24 18:36:11] crowsnest:		Interval: Discrete 0.200s (5.000 fps)
[02/17/24 18:36:11] crowsnest:		Size: Discrete 352x288
[02/17/24 18:36:11] crowsnest:		Interval: Discrete 0.033s (30.000 fps)
[02/17/24 18:36:11] crowsnest:		Interval: Discrete 0.040s (25.000 fps)
[02/17/24 18:36:11] crowsnest:		Interval: Discrete 0.050s (20.000 fps)
[02/17/24 18:36:11] crowsnest:		Interval: Discrete 0.067s (15.000 fps)
[02/17/24 18:36:11] crowsnest:		Interval: Discrete 0.100s (10.000 fps)
[02/17/24 18:36:11] crowsnest:		Interval: Discrete 0.200s (5.000 fps)
[02/17/24 18:36:11] crowsnest:		Size: Discrete 432x240
[02/17/24 18:36:11] crowsnest:		Interval: Discrete 0.033s (30.000 fps)
[02/17/24 18:36:11] crowsnest:		Interval: Discrete 0.040s (25.000 fps)
[02/17/24 18:36:11] crowsnest:		Interval: Discrete 0.050s (20.000 fps)
[02/17/24 18:36:11] crowsnest:		Interval: Discrete 0.067s (15.000 fps)
[02/17/24 18:36:11] crowsnest:		Interval: Discrete 0.100s (10.000 fps)
[02/17/24 18:36:11] crowsnest:		Interval: Discrete 0.200s (5.000 fps)
[02/17/24 18:36:11] crowsnest:		Size: Discrete 544x288
[02/17/24 18:36:11] crowsnest:		Interval: Discrete 0.033s (30.000 fps)
[02/17/24 18:36:11] crowsnest:		Interval: Discrete 0.040s (25.000 fps)
[02/17/24 18:36:11] crowsnest:		Interval: Discrete 0.050s (20.000 fps)
[02/17/24 18:36:11] crowsnest:		Interval: Discrete 0.067s (15.000 fps)
[02/17/24 18:36:11] crowsnest:		Interval: Discrete 0.100s (10.000 fps)
[02/17/24 18:36:11] crowsnest:		Interval: Discrete 0.200s (5.000 fps)
[02/17/24 18:36:11] crowsnest:		Size: Discrete 640x360
[02/17/24 18:36:11] crowsnest:		Interval: Discrete 0.033s (30.000 fps)
[02/17/24 18:36:11] crowsnest:		Interval: Discrete 0.040s (25.000 fps)
[02/17/24 18:36:11] crowsnest:		Interval: Discrete 0.050s (20.000 fps)
[02/17/24 18:36:11] crowsnest:		Interval: Discrete 0.067s (15.000 fps)
[02/17/24 18:36:11] crowsnest:		Interval: Discrete 0.100s (10.000 fps)
[02/17/24 18:36:11] crowsnest:		Interval: Discrete 0.200s (5.000 fps)
[02/17/24 18:36:11] crowsnest:		Size: Discrete 752x416
[02/17/24 18:36:11] crowsnest:		Interval: Discrete 0.033s (30.000 fps)
[02/17/24 18:36:11] crowsnest:		Interval: Discrete 0.040s (25.000 fps)
[02/17/24 18:36:11] crowsnest:		Interval: Discrete 0.050s (20.000 fps)
[02/17/24 18:36:11] crowsnest:		Interval: Discrete 0.067s (15.000 fps)
[02/17/24 18:36:11] crowsnest:		Interval: Discrete 0.100s (10.000 fps)
[02/17/24 18:36:11] crowsnest:		Interval: Discrete 0.200s (5.000 fps)
[02/17/24 18:36:11] crowsnest:		Size: Discrete 800x448
[02/17/24 18:36:11] crowsnest:		Interval: Discrete 0.033s (30.000 fps)
[02/17/24 18:36:11] crowsnest:		Interval: Discrete 0.040s (25.000 fps)
[02/17/24 18:36:11] crowsnest:		Interval: Discrete 0.050s (20.000 fps)
[02/17/24 18:36:11] crowsnest:		Interval: Discrete 0.067s (15.000 fps)
[02/17/24 18:36:11] crowsnest:		Interval: Discrete 0.100s (10.000 fps)
[02/17/24 18:36:11] crowsnest:		Interval: Discrete 0.200s (5.000 fps)
[02/17/24 18:36:11] crowsnest:		Size: Discrete 800x600
[02/17/24 18:36:11] crowsnest:		Interval: Discrete 0.033s (30.000 fps)
[02/17/24 18:36:11] crowsnest:		Interval: Discrete 0.040s (25.000 fps)
[02/17/24 18:36:11] crowsnest:		Interval: Discrete 0.050s (20.000 fps)
[02/17/24 18:36:11] crowsnest:		Interval: Discrete 0.067s (15.000 fps)
[02/17/24 18:36:11] crowsnest:		Interval: Discrete 0.100s (10.000 fps)
[02/17/24 18:36:11] crowsnest:		Interval: Discrete 0.200s (5.000 fps)
[02/17/24 18:36:11] crowsnest:		Size: Discrete 864x480
[02/17/24 18:36:11] crowsnest:		Interval: Discrete 0.033s (30.000 fps)
[02/17/24 18:36:11] crowsnest:		Interval: Discrete 0.040s (25.000 fps)
[02/17/24 18:36:11] crowsnest:		Interval: Discrete 0.050s (20.000 fps)
[02/17/24 18:36:11] crowsnest:		Interval: Discrete 0.067s (15.000 fps)
[02/17/24 18:36:11] crowsnest:		Interval: Discrete 0.100s (10.000 fps)
[02/17/24 18:36:11] crowsnest:		Interval: Discrete 0.200s (5.000 fps)
[02/17/24 18:36:11] crowsnest:		Size: Discrete 960x544
[02/17/24 18:36:11] crowsnest:		Interval: Discrete 0.033s (30.000 fps)
[02/17/24 18:36:11] crowsnest:		Interval: Discrete 0.040s (25.000 fps)
[02/17/24 18:36:11] crowsnest:		Interval: Discrete 0.050s (20.000 fps)
[02/17/24 18:36:11] crowsnest:		Interval: Discrete 0.067s (15.000 fps)
[02/17/24 18:36:11] crowsnest:		Interval: Discrete 0.100s (10.000 fps)
[02/17/24 18:36:11] crowsnest:		Interval: Discrete 0.200s (5.000 fps)
[02/17/24 18:36:11] crowsnest:		Size: Discrete 960x720
[02/17/24 18:36:11] crowsnest:		Interval: Discrete 0.033s (30.000 fps)
[02/17/24 18:36:11] crowsnest:		Interval: Discrete 0.040s (25.000 fps)
[02/17/24 18:36:11] crowsnest:		Interval: Discrete 0.050s (20.000 fps)
[02/17/24 18:36:11] crowsnest:		Interval: Discrete 0.067s (15.000 fps)
[02/17/24 18:36:11] crowsnest:		Interval: Discrete 0.100s (10.000 fps)
[02/17/24 18:36:11] crowsnest:		Interval: Discrete 0.200s (5.000 fps)
[02/17/24 18:36:11] crowsnest:		Size: Discrete 1024x576
[02/17/24 18:36:11] crowsnest:		Interval: Discrete 0.033s (30.000 fps)
[02/17/24 18:36:11] crowsnest:		Interval: Discrete 0.040s (25.000 fps)
[02/17/24 18:36:11] crowsnest:		Interval: Discrete 0.050s (20.000 fps)
[02/17/24 18:36:11] crowsnest:		Interval: Discrete 0.067s (15.000 fps)
[02/17/24 18:36:11] crowsnest:		Interval: Discrete 0.100s (10.000 fps)
[02/17/24 18:36:11] crowsnest:		Interval: Discrete 0.200s (5.000 fps)
[02/17/24 18:36:11] crowsnest:		Size: Discrete 1184x656
[02/17/24 18:36:11] crowsnest:		Interval: Discrete 0.033s (30.000 fps)
[02/17/24 18:36:11] crowsnest:		Interval: Discrete 0.040s (25.000 fps)
[02/17/24 18:36:11] crowsnest:		Interval: Discrete 0.050s (20.000 fps)
[02/17/24 18:36:11] crowsnest:		Interval: Discrete 0.067s (15.000 fps)
[02/17/24 18:36:11] crowsnest:		Interval: Discrete 0.100s (10.000 fps)
[02/17/24 18:36:11] crowsnest:		Interval: Discrete 0.200s (5.000 fps)
[02/17/24 18:36:11] crowsnest:		Size: Discrete 1280x720
[02/17/24 18:36:11] crowsnest:		Interval: Discrete 0.033s (30.000 fps)
[02/17/24 18:36:11] crowsnest:		Interval: Discrete 0.040s (25.000 fps)
[02/17/24 18:36:11] crowsnest:		Interval: Discrete 0.050s (20.000 fps)
[02/17/24 18:36:11] crowsnest:		Interval: Discrete 0.067s (15.000 fps)
[02/17/24 18:36:11] crowsnest:		Interval: Discrete 0.100s (10.000 fps)
[02/17/24 18:36:11] crowsnest:		Interval: Discrete 0.200s (5.000 fps)
[02/17/24 18:36:11] crowsnest:		Size: Discrete 1280x960
[02/17/24 18:36:11] crowsnest:		Interval: Discrete 0.033s (30.000 fps)
[02/17/24 18:36:11] crowsnest:		Interval: Discrete 0.040s (25.000 fps)
[02/17/24 18:36:11] crowsnest:		Interval: Discrete 0.050s (20.000 fps)
[02/17/24 18:36:11] crowsnest:		Interval: Discrete 0.067s (15.000 fps)
[02/17/24 18:36:11] crowsnest:		Interval: Discrete 0.100s (10.000 fps)
[02/17/24 18:36:11] crowsnest:		Interval: Discrete 0.200s (5.000 fps)
[02/17/24 18:36:12] crowsnest: Supported Controls:
[02/17/24 18:36:12] crowsnest:		
[02/17/24 18:36:12] crowsnest:		User Controls
[02/17/24 18:36:12] crowsnest:		
[02/17/24 18:36:12] crowsnest:		brightness 0x00980900 (int)    : min=0 max=255 step=1 default=128 value=128
[02/17/24 18:36:12] crowsnest:		contrast 0x00980901 (int)    : min=0 max=255 step=1 default=32 value=32
[02/17/24 18:36:12] crowsnest:		saturation 0x00980902 (int)    : min=0 max=255 step=1 default=32 value=32
[02/17/24 18:36:12] crowsnest:		white_balance_automatic 0x0098090c (bool)   : default=1 value=1
[02/17/24 18:36:12] crowsnest:		gain 0x00980913 (int)    : min=0 max=255 step=1 default=64 value=192
[02/17/24 18:36:12] crowsnest:		power_line_frequency 0x00980918 (menu)   : min=0 max=2 default=2 value=2 (60 Hz)
[02/17/24 18:36:12] crowsnest:		0: Disabled
[02/17/24 18:36:12] crowsnest:		1: 50 Hz
[02/17/24 18:36:12] crowsnest:		2: 60 Hz
[02/17/24 18:36:12] crowsnest:		white_balance_temperature 0x0098091a (int)    : min=0 max=10000 step=10 default=4000 value=1070 flags=inactive
[02/17/24 18:36:12] crowsnest:		sharpness 0x0098091b (int)    : min=0 max=255 step=1 default=24 value=24
[02/17/24 18:36:12] crowsnest:		backlight_compensation 0x0098091c (int)    : min=0 max=1 step=1 default=0 value=0
[02/17/24 18:36:12] crowsnest:		
[02/17/24 18:36:12] crowsnest:		Camera Controls
[02/17/24 18:36:12] crowsnest:		
[02/17/24 18:36:12] crowsnest:		auto_exposure 0x009a0901 (menu)   : min=0 max=3 default=3 value=3 (Aperture Priority Mode)
[02/17/24 18:36:12] crowsnest:		1: Manual Mode
[02/17/24 18:36:12] crowsnest:		3: Aperture Priority Mode
[02/17/24 18:36:12] crowsnest:		exposure_time_absolute 0x009a0902 (int)    : min=1 max=10000 step=1 default=166 value=5 flags=inactive
[02/17/24 18:36:12] crowsnest:		exposure_dynamic_framerate 0x009a0903 (bool)   : default=0 value=1
[02/17/24 18:36:12] crowsnest: /dev/v4l/by-id/usb-SunplusIT_INC._HP_HD_Webcam-video-index0 -> /dev/video0
[02/17/24 18:36:12] crowsnest: Supported Formats:
[02/17/24 18:36:12] crowsnest:		[0]: 'YUYV' (YUYV 4:2:2)
[02/17/24 18:36:12] crowsnest:		Size: Discrete 640x480
[02/17/24 18:36:12] crowsnest:		Interval: Discrete 0.033s (30.000 fps)
[02/17/24 18:36:12] crowsnest:		Interval: Discrete 0.050s (20.000 fps)
[02/17/24 18:36:12] crowsnest:		Interval: Discrete 0.067s (15.000 fps)
[02/17/24 18:36:12] crowsnest:		Interval: Discrete 0.100s (10.000 fps)
[02/17/24 18:36:12] crowsnest:		Interval: Discrete 0.200s (5.000 fps)
[02/17/24 18:36:12] crowsnest:		Size: Discrete 160x120
[02/17/24 18:36:12] crowsnest:		Interval: Discrete 0.033s (30.000 fps)
[02/17/24 18:36:12] crowsnest:		Interval: Discrete 0.050s (20.000 fps)
[02/17/24 18:36:12] crowsnest:		Interval: Discrete 0.067s (15.000 fps)
[02/17/24 18:36:12] crowsnest:		Interval: Discrete 0.100s (10.000 fps)
[02/17/24 18:36:12] crowsnest:		Interval: Discrete 0.200s (5.000 fps)
[02/17/24 18:36:12] crowsnest:		Size: Discrete 176x144
[02/17/24 18:36:12] crowsnest:		Interval: Discrete 0.033s (30.000 fps)
[02/17/24 18:36:12] crowsnest:		Interval: Discrete 0.050s (20.000 fps)
[02/17/24 18:36:12] crowsnest:		Interval: Discrete 0.067s (15.000 fps)
[02/17/24 18:36:12] crowsnest:		Interval: Discrete 0.100s (10.000 fps)
[02/17/24 18:36:12] crowsnest:		Interval: Discrete 0.200s (5.000 fps)
[02/17/24 18:36:12] crowsnest:		Size: Discrete 320x180
[02/17/24 18:36:12] crowsnest:		Interval: Discrete 0.033s (30.000 fps)
[02/17/24 18:36:12] crowsnest:		Interval: Discrete 0.050s (20.000 fps)
[02/17/24 18:36:12] crowsnest:		Interval: Discrete 0.067s (15.000 fps)
[02/17/24 18:36:12] crowsnest:		Interval: Discrete 0.100s (10.000 fps)
[02/17/24 18:36:12] crowsnest:		Interval: Discrete 0.200s (5.000 fps)
[02/17/24 18:36:12] crowsnest:		Size: Discrete 320x240
[02/17/24 18:36:12] crowsnest:		Interval: Discrete 0.033s (30.000 fps)
[02/17/24 18:36:12] crowsnest:		Interval: Discrete 0.050s (20.000 fps)
[02/17/24 18:36:12] crowsnest:		Interval: Discrete 0.067s (15.000 fps)
[02/17/24 18:36:12] crowsnest:		Interval: Discrete 0.100s (10.000 fps)
[02/17/24 18:36:12] crowsnest:		Interval: Discrete 0.200s (5.000 fps)
[02/17/24 18:36:12] crowsnest:		Size: Discrete 352x288
[02/17/24 18:36:12] crowsnest:		Interval: Discrete 0.033s (30.000 fps)
[02/17/24 18:36:12] crowsnest:		Interval: Discrete 0.050s (20.000 fps)
[02/17/24 18:36:12] crowsnest:		Interval: Discrete 0.067s (15.000 fps)
[02/17/24 18:36:12] crowsnest:		Interval: Discrete 0.100s (10.000 fps)
[02/17/24 18:36:12] crowsnest:		Interval: Discrete 0.200s (5.000 fps)
[02/17/24 18:36:12] crowsnest:		Size: Discrete 424x240
[02/17/24 18:36:12] crowsnest:		Interval: Discrete 0.033s (30.000 fps)
[02/17/24 18:36:12] crowsnest:		Interval: Discrete 0.050s (20.000 fps)
[02/17/24 18:36:12] crowsnest:		Interval: Discrete 0.067s (15.000 fps)
[02/17/24 18:36:12] crowsnest:		Interval: Discrete 0.100s (10.000 fps)
[02/17/24 18:36:12] crowsnest:		Interval: Discrete 0.200s (5.000 fps)
[02/17/24 18:36:12] crowsnest:		Size: Discrete 640x360
[02/17/24 18:36:12] crowsnest:		Interval: Discrete 0.033s (30.000 fps)
[02/17/24 18:36:12] crowsnest:		Interval: Discrete 0.050s (20.000 fps)
[02/17/24 18:36:12] crowsnest:		Interval: Discrete 0.067s (15.000 fps)
[02/17/24 18:36:12] crowsnest:		Interval: Discrete 0.100s (10.000 fps)
[02/17/24 18:36:12] crowsnest:		Interval: Discrete 0.200s (5.000 fps)
[02/17/24 18:36:12] crowsnest:		Size: Discrete 848x480
[02/17/24 18:36:12] crowsnest:		Interval: Discrete 0.067s (15.000 fps)
[02/17/24 18:36:12] crowsnest:		Interval: Discrete 0.100s (10.000 fps)
[02/17/24 18:36:12] crowsnest:		Interval: Discrete 0.200s (5.000 fps)
[02/17/24 18:36:12] crowsnest:		Size: Discrete 960x540
[02/17/24 18:36:12] crowsnest:		Interval: Discrete 0.067s (15.000 fps)
[02/17/24 18:36:12] crowsnest:		Interval: Discrete 0.100s (10.000 fps)
[02/17/24 18:36:12] crowsnest:		Interval: Discrete 0.200s (5.000 fps)
[02/17/24 18:36:12] crowsnest:		Size: Discrete 1280x720
[02/17/24 18:36:12] crowsnest:		Interval: Discrete 0.100s (10.000 fps)
[02/17/24 18:36:12] crowsnest:		Interval: Discrete 0.200s (5.000 fps)
[02/17/24 18:36:12] crowsnest:		[1]: 'MJPG' (Motion-JPEG, compressed)
[02/17/24 18:36:12] crowsnest:		Size: Discrete 640x480
[02/17/24 18:36:12] crowsnest:		Interval: Discrete 0.033s (30.000 fps)
[02/17/24 18:36:12] crowsnest:		Interval: Discrete 0.050s (20.000 fps)
[02/17/24 18:36:12] crowsnest:		Interval: Discrete 0.067s (15.000 fps)
[02/17/24 18:36:12] crowsnest:		Interval: Discrete 0.100s (10.000 fps)
[02/17/24 18:36:12] crowsnest:		Interval: Discrete 0.200s (5.000 fps)
[02/17/24 18:36:12] crowsnest:		Size: Discrete 160x120
[02/17/24 18:36:12] crowsnest:		Interval: Discrete 0.033s (30.000 fps)
[02/17/24 18:36:12] crowsnest:		Interval: Discrete 0.050s (20.000 fps)
[02/17/24 18:36:12] crowsnest:		Interval: Discrete 0.067s (15.000 fps)
[02/17/24 18:36:12] crowsnest:		Interval: Discrete 0.100s (10.000 fps)
[02/17/24 18:36:12] crowsnest:		Interval: Discrete 0.200s (5.000 fps)
[02/17/24 18:36:12] crowsnest:		Size: Discrete 176x144
[02/17/24 18:36:12] crowsnest:		Interval: Discrete 0.033s (30.000 fps)
[02/17/24 18:36:12] crowsnest:		Interval: Discrete 0.050s (20.000 fps)
[02/17/24 18:36:12] crowsnest:		Interval: Discrete 0.067s (15.000 fps)
[02/17/24 18:36:12] crowsnest:		Interval: Discrete 0.100s (10.000 fps)
[02/17/24 18:36:12] crowsnest:		Interval: Discrete 0.200s (5.000 fps)
[02/17/24 18:36:12] crowsnest:		Size: Discrete 320x180
[02/17/24 18:36:12] crowsnest:		Interval: Discrete 0.033s (30.000 fps)
[02/17/24 18:36:12] crowsnest:		Interval: Discrete 0.050s (20.000 fps)
[02/17/24 18:36:12] crowsnest:		Interval: Discrete 0.067s (15.000 fps)
[02/17/24 18:36:12] crowsnest:		Interval: Discrete 0.100s (10.000 fps)
[02/17/24 18:36:12] crowsnest:		Interval: Discrete 0.200s (5.000 fps)
[02/17/24 18:36:12] crowsnest:		Size: Discrete 320x240
[02/17/24 18:36:12] crowsnest:		Interval: Discrete 0.033s (30.000 fps)
[02/17/24 18:36:12] crowsnest:		Interval: Discrete 0.050s (20.000 fps)
[02/17/24 18:36:12] crowsnest:		Interval: Discrete 0.067s (15.000 fps)
[02/17/24 18:36:12] crowsnest:		Interval: Discrete 0.100s (10.000 fps)
[02/17/24 18:36:12] crowsnest:		Interval: Discrete 0.200s (5.000 fps)
[02/17/24 18:36:12] crowsnest:		Size: Discrete 352x288
[02/17/24 18:36:12] crowsnest:		Interval: Discrete 0.033s (30.000 fps)
[02/17/24 18:36:12] crowsnest:		Interval: Discrete 0.050s (20.000 fps)
[02/17/24 18:36:12] crowsnest:		Interval: Discrete 0.067s (15.000 fps)
[02/17/24 18:36:12] crowsnest:		Interval: Discrete 0.100s (10.000 fps)
[02/17/24 18:36:12] crowsnest:		Interval: Discrete 0.200s (5.000 fps)
[02/17/24 18:36:12] crowsnest:		Size: Discrete 424x240
[02/17/24 18:36:12] crowsnest:		Interval: Discrete 0.033s (30.000 fps)
[02/17/24 18:36:12] crowsnest:		Interval: Discrete 0.050s (20.000 fps)
[02/17/24 18:36:12] crowsnest:		Interval: Discrete 0.067s (15.000 fps)
[02/17/24 18:36:12] crowsnest:		Interval: Discrete 0.100s (10.000 fps)
[02/17/24 18:36:12] crowsnest:		Interval: Discrete 0.200s (5.000 fps)
[02/17/24 18:36:12] crowsnest:		Size: Discrete 640x360
[02/17/24 18:36:12] crowsnest:		Interval: Discrete 0.033s (30.000 fps)
[02/17/24 18:36:12] crowsnest:		Interval: Discrete 0.050s (20.000 fps)
[02/17/24 18:36:12] crowsnest:		Interval: Discrete 0.067s (15.000 fps)
[02/17/24 18:36:12] crowsnest:		Interval: Discrete 0.100s (10.000 fps)
[02/17/24 18:36:12] crowsnest:		Interval: Discrete 0.200s (5.000 fps)
[02/17/24 18:36:12] crowsnest:		Size: Discrete 848x480
[02/17/24 18:36:12] crowsnest:		Interval: Discrete 0.033s (30.000 fps)
[02/17/24 18:36:12] crowsnest:		Interval: Discrete 0.050s (20.000 fps)
[02/17/24 18:36:12] crowsnest:		Interval: Discrete 0.067s (15.000 fps)
[02/17/24 18:36:12] crowsnest:		Interval: Discrete 0.100s (10.000 fps)
[02/17/24 18:36:12] crowsnest:		Interval: Discrete 0.200s (5.000 fps)
[02/17/24 18:36:12] crowsnest:		Size: Discrete 960x540
[02/17/24 18:36:12] crowsnest:		Interval: Discrete 0.033s (30.000 fps)
[02/17/24 18:36:12] crowsnest:		Interval: Discrete 0.050s (20.000 fps)
[02/17/24 18:36:12] crowsnest:		Interval: Discrete 0.067s (15.000 fps)
[02/17/24 18:36:12] crowsnest:		Interval: Discrete 0.100s (10.000 fps)
[02/17/24 18:36:12] crowsnest:		Interval: Discrete 0.200s (5.000 fps)
[02/17/24 18:36:12] crowsnest:		Size: Discrete 1280x720
[02/17/24 18:36:12] crowsnest:		Interval: Discrete 0.033s (30.000 fps)
[02/17/24 18:36:12] crowsnest:		Interval: Discrete 0.050s (20.000 fps)
[02/17/24 18:36:12] crowsnest:		Interval: Discrete 0.067s (15.000 fps)
[02/17/24 18:36:12] crowsnest:		Interval: Discrete 0.100s (10.000 fps)
[02/17/24 18:36:12] crowsnest:		Interval: Discrete 0.200s (5.000 fps)
[02/17/24 18:36:12] crowsnest: Supported Controls:
[02/17/24 18:36:12] crowsnest:		
[02/17/24 18:36:12] crowsnest:		User Controls
[02/17/24 18:36:12] crowsnest:		
[02/17/24 18:36:12] crowsnest:		brightness 0x00980900 (int)    : min=-64 max=64 step=1 default=0 value=0
[02/17/24 18:36:12] crowsnest:		contrast 0x00980901 (int)    : min=0 max=64 step=1 default=32 value=32
[02/17/24 18:36:12] crowsnest:		saturation 0x00980902 (int)    : min=0 max=128 step=1 default=64 value=64
[02/17/24 18:36:12] crowsnest:		hue 0x00980903 (int)    : min=-40 max=40 step=1 default=0 value=0
[02/17/24 18:36:12] crowsnest:		white_balance_automatic 0x0098090c (bool)   : default=1 value=1
[02/17/24 18:36:12] crowsnest:		gamma 0x00980910 (int)    : min=72 max=500 step=1 default=100 value=100
[02/17/24 18:36:12] crowsnest:		power_line_frequency 0x00980918 (menu)   : min=0 max=2 default=1 value=1 (50 Hz)
[02/17/24 18:36:12] crowsnest:		0: Disabled
[02/17/24 18:36:12] crowsnest:		1: 50 Hz
[02/17/24 18:36:12] crowsnest:		2: 60 Hz
[02/17/24 18:36:12] crowsnest:		white_balance_temperature 0x0098091a (int)    : min=2800 max=6500 step=1 default=4000 value=4000 flags=inactive
[02/17/24 18:36:12] crowsnest:		sharpness 0x0098091b (int)    : min=0 max=5 step=1 default=3 value=3
[02/17/24 18:36:12] crowsnest:		backlight_compensation 0x0098091c (int)    : min=0 max=1 step=1 default=0 value=0
[02/17/24 18:36:12] crowsnest:		
[02/17/24 18:36:12] crowsnest:		Camera Controls
[02/17/24 18:36:12] crowsnest:		
[02/17/24 18:36:12] crowsnest:		auto_exposure 0x009a0901 (menu)   : min=0 max=3 default=3 value=3 (Aperture Priority Mode)
[02/17/24 18:36:12] crowsnest:		1: Manual Mode
[02/17/24 18:36:12] crowsnest:		3: Aperture Priority Mode
[02/17/24 18:36:12] crowsnest:		exposure_time_absolute 0x009a0902 (int)    : min=40 max=10000 step=1 default=1280 value=1280 flags=inactive
[02/17/24 18:36:12] crowsnest:		exposure_dynamic_framerate 0x009a0903 (bool)   : default=0 value=1
[02/17/24 18:36:12] crowsnest: Try to start configured Cams / Services...
[02/17/24 18:36:12] crowsnest: INFO: Configuration of Section [cam 1] looks good. Continue ...
[02/17/24 18:36:13] crowsnest: V4L2 Control: No parameters set for [cam 1]. Skipped.
[02/17/24 18:36:13] crowsnest: Starting ustreamer with Device /dev/video0 ...
[02/17/24 18:36:15] crowsnest:  ... Done!
[02/17/24 18:37:22] crowsnest: Shutdown or Killed by User!
[02/17/24 18:37:22] crowsnest: Please come again :)
[02/17/24 18:37:23] crowsnest: crowsnest - A webcam Service for multiple Cams and Stream Services.
[02/17/24 18:37:23] crowsnest: Version: v4.1.4-1-gba0ac8f
[02/17/24 18:37:23] crowsnest: Prepare Startup ...
[02/17/24 18:37:23] crowsnest: INFO: Host information:
[02/17/24 18:37:23] crowsnest: Host Info: Distribution: Ubuntu 22.04.2 LTS
[02/17/24 18:37:23] crowsnest: Host Info: Kernel: Linux 5.15.0-84-generic x86_64
[02/17/24 18:37:23] crowsnest: Host Info: Model:  Intel(R) Core(TM) i5-5200U CPU @ 2.20GHz
[02/17/24 18:37:23] crowsnest: Host Info: Available CPU Cores: 4
[02/17/24 18:37:23] crowsnest: Host Info: Available Memory: 12115948 kB
[02/17/24 18:37:23] crowsnest: Host Info: Diskspace (avail. / total): 411G / 457G
[02/17/24 18:37:23] crowsnest: INFO: Checking Dependencies
[02/17/24 18:37:23] crowsnest: Dependency: 'crudini' found in /usr/bin/crudini.
[02/17/24 18:37:23] crowsnest: Dependency: 'find' found in /usr/bin/find.
[02/17/24 18:37:23] crowsnest: Dependency: 'xargs' found in /usr/bin/xargs.
[02/17/24 18:37:23] crowsnest: Dependency: 'ustreamer' found in bin/ustreamer/ustreamer.
[02/17/24 18:37:23] crowsnest: Version Control: ustreamer is up to date. (v5.50)
[02/17/24 18:37:23] crowsnest: INFO: Print Configfile: '/home/daniel/printer_data/config/crowsnest.conf'
[02/17/24 18:37:23] crowsnest:		[crowsnest]
[02/17/24 18:37:23] crowsnest:		log_path: /home/daniel/printer_data/logs/crowsnest.log
[02/17/24 18:37:23] crowsnest:		log_level: verbose
[02/17/24 18:37:23] crowsnest:		delete_log: false
[02/17/24 18:37:23] crowsnest:		no_proxy: false
[02/17/24 18:37:23] crowsnest:		
[02/17/24 18:37:23] crowsnest:		[cam 1]
[02/17/24 18:37:23] crowsnest:		mode: ustreamer
[02/17/24 18:37:23] crowsnest:		
[02/17/24 18:37:23] crowsnest:		enable_rtsp: false
[02/17/24 18:37:23] crowsnest:		rtsp_port: 8554
[02/17/24 18:37:23] crowsnest:		port: 8080
[02/17/24 18:37:23] crowsnest:		device: /dev/video1
[02/17/24 18:37:23] crowsnest:		resolution: 640x480
[02/17/24 18:37:23] crowsnest:		max_fps: 15
[02/17/24 18:37:23] crowsnest: INFO: Detect available Devices
[02/17/24 18:37:23] crowsnest: INFO: Found 2 total available Device(s)
[02/17/24 18:37:23] crowsnest: INFO: Found 2 available v4l2 (UVC) camera(s)
[02/17/24 18:37:23] crowsnest: /dev/v4l/by-id/usb-046d_0825_D4AF0E90-video-index0 -> /dev/video2
[02/17/24 18:37:23] crowsnest: Supported Formats:
[02/17/24 18:37:23] crowsnest:		[0]: 'YUYV' (YUYV 4:2:2)
[02/17/24 18:37:23] crowsnest:		Size: Discrete 640x480
[02/17/24 18:37:23] crowsnest:		Interval: Discrete 0.033s (30.000 fps)
[02/17/24 18:37:23] crowsnest:		Interval: Discrete 0.040s (25.000 fps)
[02/17/24 18:37:23] crowsnest:		Interval: Discrete 0.050s (20.000 fps)
[02/17/24 18:37:23] crowsnest:		Interval: Discrete 0.067s (15.000 fps)
[02/17/24 18:37:23] crowsnest:		Interval: Discrete 0.100s (10.000 fps)
[02/17/24 18:37:23] crowsnest:		Interval: Discrete 0.200s (5.000 fps)
[02/17/24 18:37:23] crowsnest:		Size: Discrete 160x120
[02/17/24 18:37:23] crowsnest:		Interval: Discrete 0.033s (30.000 fps)
[02/17/24 18:37:23] crowsnest:		Interval: Discrete 0.040s (25.000 fps)
[02/17/24 18:37:23] crowsnest:		Interval: Discrete 0.050s (20.000 fps)
[02/17/24 18:37:23] crowsnest:		Interval: Discrete 0.067s (15.000 fps)
[02/17/24 18:37:23] crowsnest:		Interval: Discrete 0.100s (10.000 fps)
[02/17/24 18:37:23] crowsnest:		Interval: Discrete 0.200s (5.000 fps)
[02/17/24 18:37:23] crowsnest:		Size: Discrete 176x144
[02/17/24 18:37:23] crowsnest:		Interval: Discrete 0.033s (30.000 fps)
[02/17/24 18:37:23] crowsnest:		Interval: Discrete 0.040s (25.000 fps)
[02/17/24 18:37:23] crowsnest:		Interval: Discrete 0.050s (20.000 fps)
[02/17/24 18:37:23] crowsnest:		Interval: Discrete 0.067s (15.000 fps)
[02/17/24 18:37:23] crowsnest:		Interval: Discrete 0.100s (10.000 fps)
[02/17/24 18:37:23] crowsnest:		Interval: Discrete 0.200s (5.000 fps)
[02/17/24 18:37:23] crowsnest:		Size: Discrete 320x176
[02/17/24 18:37:23] crowsnest:		Interval: Discrete 0.033s (30.000 fps)
[02/17/24 18:37:23] crowsnest:		Interval: Discrete 0.040s (25.000 fps)
[02/17/24 18:37:23] crowsnest:		Interval: Discrete 0.050s (20.000 fps)
[02/17/24 18:37:23] crowsnest:		Interval: Discrete 0.067s (15.000 fps)
[02/17/24 18:37:23] crowsnest:		Interval: Discrete 0.100s (10.000 fps)
[02/17/24 18:37:23] crowsnest:		Interval: Discrete 0.200s (5.000 fps)
[02/17/24 18:37:23] crowsnest:		Size: Discrete 320x240
[02/17/24 18:37:23] crowsnest:		Interval: Discrete 0.033s (30.000 fps)
[02/17/24 18:37:23] crowsnest:		Interval: Discrete 0.040s (25.000 fps)
[02/17/24 18:37:23] crowsnest:		Interval: Discrete 0.050s (20.000 fps)
[02/17/24 18:37:23] crowsnest:		Interval: Discrete 0.067s (15.000 fps)
[02/17/24 18:37:23] crowsnest:		Interval: Discrete 0.100s (10.000 fps)
[02/17/24 18:37:23] crowsnest:		Interval: Discrete 0.200s (5.000 fps)
[02/17/24 18:37:23] crowsnest:		Size: Discrete 352x288
[02/17/24 18:37:23] crowsnest:		Interval: Discrete 0.033s (30.000 fps)
[02/17/24 18:37:23] crowsnest:		Interval: Discrete 0.040s (25.000 fps)
[02/17/24 18:37:23] crowsnest:		Interval: Discrete 0.050s (20.000 fps)
[02/17/24 18:37:23] crowsnest:		Interval: Discrete 0.067s (15.000 fps)
[02/17/24 18:37:23] crowsnest:		Interval: Discrete 0.100s (10.000 fps)
[02/17/24 18:37:23] crowsnest:		Interval: Discrete 0.200s (5.000 fps)
[02/17/24 18:37:23] crowsnest:		Size: Discrete 432x240
[02/17/24 18:37:23] crowsnest:		Interval: Discrete 0.033s (30.000 fps)
[02/17/24 18:37:23] crowsnest:		Interval: Discrete 0.040s (25.000 fps)
[02/17/24 18:37:23] crowsnest:		Interval: Discrete 0.050s (20.000 fps)
[02/17/24 18:37:23] crowsnest:		Interval: Discrete 0.067s (15.000 fps)
[02/17/24 18:37:23] crowsnest:		Interval: Discrete 0.100s (10.000 fps)
[02/17/24 18:37:23] crowsnest:		Interval: Discrete 0.200s (5.000 fps)
[02/17/24 18:37:23] crowsnest:		Size: Discrete 544x288
[02/17/24 18:37:23] crowsnest:		Interval: Discrete 0.033s (30.000 fps)
[02/17/24 18:37:23] crowsnest:		Interval: Discrete 0.040s (25.000 fps)
[02/17/24 18:37:23] crowsnest:		Interval: Discrete 0.050s (20.000 fps)
[02/17/24 18:37:23] crowsnest:		Interval: Discrete 0.067s (15.000 fps)
[02/17/24 18:37:23] crowsnest:		Interval: Discrete 0.100s (10.000 fps)
[02/17/24 18:37:23] crowsnest:		Interval: Discrete 0.200s (5.000 fps)
[02/17/24 18:37:23] crowsnest:		Size: Discrete 640x360
[02/17/24 18:37:23] crowsnest:		Interval: Discrete 0.033s (30.000 fps)
[02/17/24 18:37:23] crowsnest:		Interval: Discrete 0.040s (25.000 fps)
[02/17/24 18:37:23] crowsnest:		Interval: Discrete 0.050s (20.000 fps)
[02/17/24 18:37:23] crowsnest:		Interval: Discrete 0.067s (15.000 fps)
[02/17/24 18:37:23] crowsnest:		Interval: Discrete 0.100s (10.000 fps)
[02/17/24 18:37:23] crowsnest:		Interval: Discrete 0.200s (5.000 fps)
[02/17/24 18:37:23] crowsnest:		Size: Discrete 752x416
[02/17/24 18:37:23] crowsnest:		Interval: Discrete 0.040s (25.000 fps)
[02/17/24 18:37:23] crowsnest:		Interval: Discrete 0.050s (20.000 fps)
[02/17/24 18:37:23] crowsnest:		Interval: Discrete 0.067s (15.000 fps)
[02/17/24 18:37:23] crowsnest:		Interval: Discrete 0.100s (10.000 fps)
[02/17/24 18:37:23] crowsnest:		Interval: Discrete 0.200s (5.000 fps)
[02/17/24 18:37:23] crowsnest:		Size: Discrete 800x448
[02/17/24 18:37:23] crowsnest:		Interval: Discrete 0.050s (20.000 fps)
[02/17/24 18:37:23] crowsnest:		Interval: Discrete 0.067s (15.000 fps)
[02/17/24 18:37:23] crowsnest:		Interval: Discrete 0.100s (10.000 fps)
[02/17/24 18:37:23] crowsnest:		Interval: Discrete 0.200s (5.000 fps)
[02/17/24 18:37:23] crowsnest:		Size: Discrete 800x600
[02/17/24 18:37:23] crowsnest:		Interval: Discrete 0.050s (20.000 fps)
[02/17/24 18:37:23] crowsnest:		Interval: Discrete 0.067s (15.000 fps)
[02/17/24 18:37:23] crowsnest:		Interval: Discrete 0.100s (10.000 fps)
[02/17/24 18:37:23] crowsnest:		Interval: Discrete 0.200s (5.000 fps)
[02/17/24 18:37:23] crowsnest:		Size: Discrete 864x480
[02/17/24 18:37:23] crowsnest:		Interval: Discrete 0.050s (20.000 fps)
[02/17/24 18:37:23] crowsnest:		Interval: Discrete 0.067s (15.000 fps)
[02/17/24 18:37:23] crowsnest:		Interval: Discrete 0.100s (10.000 fps)
[02/17/24 18:37:23] crowsnest:		Interval: Discrete 0.200s (5.000 fps)
[02/17/24 18:37:23] crowsnest:		Size: Discrete 960x544
[02/17/24 18:37:23] crowsnest:		Interval: Discrete 0.067s (15.000 fps)
[02/17/24 18:37:23] crowsnest:		Interval: Discrete 0.100s (10.000 fps)
[02/17/24 18:37:23] crowsnest:		Interval: Discrete 0.200s (5.000 fps)
[02/17/24 18:37:23] crowsnest:		Size: Discrete 960x720
[02/17/24 18:37:23] crowsnest:		Interval: Discrete 0.100s (10.000 fps)
[02/17/24 18:37:23] crowsnest:		Interval: Discrete 0.200s (5.000 fps)
[02/17/24 18:37:23] crowsnest:		Size: Discrete 1024x576
[02/17/24 18:37:23] crowsnest:		Interval: Discrete 0.100s (10.000 fps)
[02/17/24 18:37:23] crowsnest:		Interval: Discrete 0.200s (5.000 fps)
[02/17/24 18:37:23] crowsnest:		Size: Discrete 1184x656
[02/17/24 18:37:23] crowsnest:		Interval: Discrete 0.100s (10.000 fps)
[02/17/24 18:37:23] crowsnest:		Interval: Discrete 0.200s (5.000 fps)
[02/17/24 18:37:23] crowsnest:		Size: Discrete 1280x720
[02/17/24 18:37:23] crowsnest:		Interval: Discrete 0.133s (7.500 fps)
[02/17/24 18:37:23] crowsnest:		Interval: Discrete 0.200s (5.000 fps)
[02/17/24 18:37:23] crowsnest:		Size: Discrete 1280x960
[02/17/24 18:37:23] crowsnest:		Interval: Discrete 0.133s (7.500 fps)
[02/17/24 18:37:23] crowsnest:		Interval: Discrete 0.200s (5.000 fps)
[02/17/24 18:37:23] crowsnest:		[1]: 'MJPG' (Motion-JPEG, compressed)
[02/17/24 18:37:23] crowsnest:		Size: Discrete 640x480
[02/17/24 18:37:23] crowsnest:		Interval: Discrete 0.033s (30.000 fps)
[02/17/24 18:37:23] crowsnest:		Interval: Discrete 0.040s (25.000 fps)
[02/17/24 18:37:23] crowsnest:		Interval: Discrete 0.050s (20.000 fps)
[02/17/24 18:37:23] crowsnest:		Interval: Discrete 0.067s (15.000 fps)
[02/17/24 18:37:23] crowsnest:		Interval: Discrete 0.100s (10.000 fps)
[02/17/24 18:37:23] crowsnest:		Interval: Discrete 0.200s (5.000 fps)
[02/17/24 18:37:23] crowsnest:		Size: Discrete 160x120
[02/17/24 18:37:23] crowsnest:		Interval: Discrete 0.033s (30.000 fps)
[02/17/24 18:37:23] crowsnest:		Interval: Discrete 0.040s (25.000 fps)
[02/17/24 18:37:23] crowsnest:		Interval: Discrete 0.050s (20.000 fps)
[02/17/24 18:37:23] crowsnest:		Interval: Discrete 0.067s (15.000 fps)
[02/17/24 18:37:23] crowsnest:		Interval: Discrete 0.100s (10.000 fps)
[02/17/24 18:37:23] crowsnest:		Interval: Discrete 0.200s (5.000 fps)
[02/17/24 18:37:23] crowsnest:		Size: Discrete 176x144
[02/17/24 18:37:23] crowsnest:		Interval: Discrete 0.033s (30.000 fps)
[02/17/24 18:37:23] crowsnest:		Interval: Discrete 0.040s (25.000 fps)
[02/17/24 18:37:23] crowsnest:		Interval: Discrete 0.050s (20.000 fps)
[02/17/24 18:37:23] crowsnest:		Interval: Discrete 0.067s (15.000 fps)
[02/17/24 18:37:23] crowsnest:		Interval: Discrete 0.100s (10.000 fps)
[02/17/24 18:37:23] crowsnest:		Interval: Discrete 0.200s (5.000 fps)
[02/17/24 18:37:23] crowsnest:		Size: Discrete 320x176
[02/17/24 18:37:23] crowsnest:		Interval: Discrete 0.033s (30.000 fps)
[02/17/24 18:37:23] crowsnest:		Interval: Discrete 0.040s (25.000 fps)
[02/17/24 18:37:23] crowsnest:		Interval: Discrete 0.050s (20.000 fps)
[02/17/24 18:37:23] crowsnest:		Interval: Discrete 0.067s (15.000 fps)
[02/17/24 18:37:23] crowsnest:		Interval: Discrete 0.100s (10.000 fps)
[02/17/24 18:37:23] crowsnest:		Interval: Discrete 0.200s (5.000 fps)
[02/17/24 18:37:23] crowsnest:		Size: Discrete 320x240
[02/17/24 18:37:23] crowsnest:		Interval: Discrete 0.033s (30.000 fps)
[02/17/24 18:37:23] crowsnest:		Interval: Discrete 0.040s (25.000 fps)
[02/17/24 18:37:23] crowsnest:		Interval: Discrete 0.050s (20.000 fps)
[02/17/24 18:37:23] crowsnest:		Interval: Discrete 0.067s (15.000 fps)
[02/17/24 18:37:23] crowsnest:		Interval: Discrete 0.100s (10.000 fps)
[02/17/24 18:37:23] crowsnest:		Interval: Discrete 0.200s (5.000 fps)
[02/17/24 18:37:23] crowsnest:		Size: Discrete 352x288
[02/17/24 18:37:23] crowsnest:		Interval: Discrete 0.033s (30.000 fps)
[02/17/24 18:37:23] crowsnest:		Interval: Discrete 0.040s (25.000 fps)
[02/17/24 18:37:23] crowsnest:		Interval: Discrete 0.050s (20.000 fps)
[02/17/24 18:37:23] crowsnest:		Interval: Discrete 0.067s (15.000 fps)
[02/17/24 18:37:23] crowsnest:		Interval: Discrete 0.100s (10.000 fps)
[02/17/24 18:37:23] crowsnest:		Interval: Discrete 0.200s (5.000 fps)
[02/17/24 18:37:23] crowsnest:		Size: Discrete 432x240
[02/17/24 18:37:23] crowsnest:		Interval: Discrete 0.033s (30.000 fps)
[02/17/24 18:37:23] crowsnest:		Interval: Discrete 0.040s (25.000 fps)
[02/17/24 18:37:23] crowsnest:		Interval: Discrete 0.050s (20.000 fps)
[02/17/24 18:37:23] crowsnest:		Interval: Discrete 0.067s (15.000 fps)
[02/17/24 18:37:23] crowsnest:		Interval: Discrete 0.100s (10.000 fps)
[02/17/24 18:37:23] crowsnest:		Interval: Discrete 0.200s (5.000 fps)
[02/17/24 18:37:23] crowsnest:		Size: Discrete 544x288
[02/17/24 18:37:23] crowsnest:		Interval: Discrete 0.033s (30.000 fps)
[02/17/24 18:37:23] crowsnest:		Interval: Discrete 0.040s (25.000 fps)
[02/17/24 18:37:23] crowsnest:		Interval: Discrete 0.050s (20.000 fps)
[02/17/24 18:37:23] crowsnest:		Interval: Discrete 0.067s (15.000 fps)
[02/17/24 18:37:23] crowsnest:		Interval: Discrete 0.100s (10.000 fps)
[02/17/24 18:37:23] crowsnest:		Interval: Discrete 0.200s (5.000 fps)
[02/17/24 18:37:23] crowsnest:		Size: Discrete 640x360
[02/17/24 18:37:23] crowsnest:		Interval: Discrete 0.033s (30.000 fps)
[02/17/24 18:37:23] crowsnest:		Interval: Discrete 0.040s (25.000 fps)
[02/17/24 18:37:23] crowsnest:		Interval: Discrete 0.050s (20.000 fps)
[02/17/24 18:37:23] crowsnest:		Interval: Discrete 0.067s (15.000 fps)
[02/17/24 18:37:23] crowsnest:		Interval: Discrete 0.100s (10.000 fps)
[02/17/24 18:37:23] crowsnest:		Interval: Discrete 0.200s (5.000 fps)
[02/17/24 18:37:23] crowsnest:		Size: Discrete 752x416
[02/17/24 18:37:23] crowsnest:		Interval: Discrete 0.033s (30.000 fps)
[02/17/24 18:37:23] crowsnest:		Interval: Discrete 0.040s (25.000 fps)
[02/17/24 18:37:23] crowsnest:		Interval: Discrete 0.050s (20.000 fps)
[02/17/24 18:37:23] crowsnest:		Interval: Discrete 0.067s (15.000 fps)
[02/17/24 18:37:23] crowsnest:		Interval: Discrete 0.100s (10.000 fps)
[02/17/24 18:37:23] crowsnest:		Interval: Discrete 0.200s (5.000 fps)
[02/17/24 18:37:23] crowsnest:		Size: Discrete 800x448
[02/17/24 18:37:23] crowsnest:		Interval: Discrete 0.033s (30.000 fps)
[02/17/24 18:37:23] crowsnest:		Interval: Discrete 0.040s (25.000 fps)
[02/17/24 18:37:23] crowsnest:		Interval: Discrete 0.050s (20.000 fps)
[02/17/24 18:37:23] crowsnest:		Interval: Discrete 0.067s (15.000 fps)
[02/17/24 18:37:23] crowsnest:		Interval: Discrete 0.100s (10.000 fps)
[02/17/24 18:37:23] crowsnest:		Interval: Discrete 0.200s (5.000 fps)
[02/17/24 18:37:23] crowsnest:		Size: Discrete 800x600
[02/17/24 18:37:23] crowsnest:		Interval: Discrete 0.033s (30.000 fps)
[02/17/24 18:37:23] crowsnest:		Interval: Discrete 0.040s (25.000 fps)
[02/17/24 18:37:23] crowsnest:		Interval: Discrete 0.050s (20.000 fps)
[02/17/24 18:37:23] crowsnest:		Interval: Discrete 0.067s (15.000 fps)
[02/17/24 18:37:23] crowsnest:		Interval: Discrete 0.100s (10.000 fps)
[02/17/24 18:37:23] crowsnest:		Interval: Discrete 0.200s (5.000 fps)
[02/17/24 18:37:23] crowsnest:		Size: Discrete 864x480
[02/17/24 18:37:23] crowsnest:		Interval: Discrete 0.033s (30.000 fps)
[02/17/24 18:37:23] crowsnest:		Interval: Discrete 0.040s (25.000 fps)
[02/17/24 18:37:23] crowsnest:		Interval: Discrete 0.050s (20.000 fps)
[02/17/24 18:37:23] crowsnest:		Interval: Discrete 0.067s (15.000 fps)
[02/17/24 18:37:23] crowsnest:		Interval: Discrete 0.100s (10.000 fps)
[02/17/24 18:37:23] crowsnest:		Interval: Discrete 0.200s (5.000 fps)
[02/17/24 18:37:23] crowsnest:		Size: Discrete 960x544
[02/17/24 18:37:23] crowsnest:		Interval: Discrete 0.033s (30.000 fps)
[02/17/24 18:37:23] crowsnest:		Interval: Discrete 0.040s (25.000 fps)
[02/17/24 18:37:23] crowsnest:		Interval: Discrete 0.050s (20.000 fps)
[02/17/24 18:37:23] crowsnest:		Interval: Discrete 0.067s (15.000 fps)
[02/17/24 18:37:23] crowsnest:		Interval: Discrete 0.100s (10.000 fps)
[02/17/24 18:37:23] crowsnest:		Interval: Discrete 0.200s (5.000 fps)
[02/17/24 18:37:23] crowsnest:		Size: Discrete 960x720
[02/17/24 18:37:23] crowsnest:		Interval: Discrete 0.033s (30.000 fps)
[02/17/24 18:37:23] crowsnest:		Interval: Discrete 0.040s (25.000 fps)
[02/17/24 18:37:23] crowsnest:		Interval: Discrete 0.050s (20.000 fps)
[02/17/24 18:37:23] crowsnest:		Interval: Discrete 0.067s (15.000 fps)
[02/17/24 18:37:23] crowsnest:		Interval: Discrete 0.100s (10.000 fps)
[02/17/24 18:37:23] crowsnest:		Interval: Discrete 0.200s (5.000 fps)
[02/17/24 18:37:23] crowsnest:		Size: Discrete 1024x576
[02/17/24 18:37:23] crowsnest:		Interval: Discrete 0.033s (30.000 fps)
[02/17/24 18:37:23] crowsnest:		Interval: Discrete 0.040s (25.000 fps)
[02/17/24 18:37:23] crowsnest:		Interval: Discrete 0.050s (20.000 fps)
[02/17/24 18:37:23] crowsnest:		Interval: Discrete 0.067s (15.000 fps)
[02/17/24 18:37:23] crowsnest:		Interval: Discrete 0.100s (10.000 fps)
[02/17/24 18:37:23] crowsnest:		Interval: Discrete 0.200s (5.000 fps)
[02/17/24 18:37:23] crowsnest:		Size: Discrete 1184x656
[02/17/24 18:37:23] crowsnest:		Interval: Discrete 0.033s (30.000 fps)
[02/17/24 18:37:23] crowsnest:		Interval: Discrete 0.040s (25.000 fps)
[02/17/24 18:37:23] crowsnest:		Interval: Discrete 0.050s (20.000 fps)
[02/17/24 18:37:23] crowsnest:		Interval: Discrete 0.067s (15.000 fps)
[02/17/24 18:37:23] crowsnest:		Interval: Discrete 0.100s (10.000 fps)
[02/17/24 18:37:23] crowsnest:		Interval: Discrete 0.200s (5.000 fps)
[02/17/24 18:37:23] crowsnest:		Size: Discrete 1280x720
[02/17/24 18:37:23] crowsnest:		Interval: Discrete 0.033s (30.000 fps)
[02/17/24 18:37:23] crowsnest:		Interval: Discrete 0.040s (25.000 fps)
[02/17/24 18:37:23] crowsnest:		Interval: Discrete 0.050s (20.000 fps)
[02/17/24 18:37:23] crowsnest:		Interval: Discrete 0.067s (15.000 fps)
[02/17/24 18:37:23] crowsnest:		Interval: Discrete 0.100s (10.000 fps)
[02/17/24 18:37:23] crowsnest:		Interval: Discrete 0.200s (5.000 fps)
[02/17/24 18:37:23] crowsnest:		Size: Discrete 1280x960
[02/17/24 18:37:23] crowsnest:		Interval: Discrete 0.033s (30.000 fps)
[02/17/24 18:37:23] crowsnest:		Interval: Discrete 0.040s (25.000 fps)
[02/17/24 18:37:23] crowsnest:		Interval: Discrete 0.050s (20.000 fps)
[02/17/24 18:37:23] crowsnest:		Interval: Discrete 0.067s (15.000 fps)
[02/17/24 18:37:23] crowsnest:		Interval: Discrete 0.100s (10.000 fps)
[02/17/24 18:37:23] crowsnest:		Interval: Discrete 0.200s (5.000 fps)
[02/17/24 18:37:23] crowsnest: Supported Controls:
[02/17/24 18:37:23] crowsnest:		
[02/17/24 18:37:23] crowsnest:		User Controls
[02/17/24 18:37:23] crowsnest:		
[02/17/24 18:37:23] crowsnest:		brightness 0x00980900 (int)    : min=0 max=255 step=1 default=128 value=128
[02/17/24 18:37:23] crowsnest:		contrast 0x00980901 (int)    : min=0 max=255 step=1 default=32 value=32
[02/17/24 18:37:23] crowsnest:		saturation 0x00980902 (int)    : min=0 max=255 step=1 default=32 value=32
[02/17/24 18:37:23] crowsnest:		white_balance_automatic 0x0098090c (bool)   : default=1 value=1
[02/17/24 18:37:23] crowsnest:		gain 0x00980913 (int)    : min=0 max=255 step=1 default=64 value=192
[02/17/24 18:37:23] crowsnest:		power_line_frequency 0x00980918 (menu)   : min=0 max=2 default=2 value=2 (60 Hz)
[02/17/24 18:37:23] crowsnest:		0: Disabled
[02/17/24 18:37:23] crowsnest:		1: 50 Hz
[02/17/24 18:37:23] crowsnest:		2: 60 Hz
[02/17/24 18:37:23] crowsnest:		white_balance_temperature 0x0098091a (int)    : min=0 max=10000 step=10 default=4000 value=1070 flags=inactive
[02/17/24 18:37:23] crowsnest:		sharpness 0x0098091b (int)    : min=0 max=255 step=1 default=24 value=24
[02/17/24 18:37:23] crowsnest:		backlight_compensation 0x0098091c (int)    : min=0 max=1 step=1 default=0 value=0
[02/17/24 18:37:23] crowsnest:		
[02/17/24 18:37:23] crowsnest:		Camera Controls
[02/17/24 18:37:23] crowsnest:		
[02/17/24 18:37:23] crowsnest:		auto_exposure 0x009a0901 (menu)   : min=0 max=3 default=3 value=3 (Aperture Priority Mode)
[02/17/24 18:37:23] crowsnest:		1: Manual Mode
[02/17/24 18:37:23] crowsnest:		3: Aperture Priority Mode
[02/17/24 18:37:23] crowsnest:		exposure_time_absolute 0x009a0902 (int)    : min=1 max=10000 step=1 default=166 value=5 flags=inactive
[02/17/24 18:37:23] crowsnest:		exposure_dynamic_framerate 0x009a0903 (bool)   : default=0 value=1
[02/17/24 18:37:23] crowsnest: /dev/v4l/by-id/usb-SunplusIT_INC._HP_HD_Webcam-video-index0 -> /dev/video0
[02/17/24 18:37:23] crowsnest: Supported Formats:
[02/17/24 18:37:23] crowsnest:		[0]: 'YUYV' (YUYV 4:2:2)
[02/17/24 18:37:23] crowsnest:		Size: Discrete 640x480
[02/17/24 18:37:23] crowsnest:		Interval: Discrete 0.033s (30.000 fps)
[02/17/24 18:37:23] crowsnest:		Interval: Discrete 0.050s (20.000 fps)
[02/17/24 18:37:23] crowsnest:		Interval: Discrete 0.067s (15.000 fps)
[02/17/24 18:37:23] crowsnest:		Interval: Discrete 0.100s (10.000 fps)
[02/17/24 18:37:23] crowsnest:		Interval: Discrete 0.200s (5.000 fps)
[02/17/24 18:37:23] crowsnest:		Size: Discrete 160x120
[02/17/24 18:37:23] crowsnest:		Interval: Discrete 0.033s (30.000 fps)
[02/17/24 18:37:23] crowsnest:		Interval: Discrete 0.050s (20.000 fps)
[02/17/24 18:37:23] crowsnest:		Interval: Discrete 0.067s (15.000 fps)
[02/17/24 18:37:23] crowsnest:		Interval: Discrete 0.100s (10.000 fps)
[02/17/24 18:37:23] crowsnest:		Interval: Discrete 0.200s (5.000 fps)
[02/17/24 18:37:23] crowsnest:		Size: Discrete 176x144
[02/17/24 18:37:23] crowsnest:		Interval: Discrete 0.033s (30.000 fps)
[02/17/24 18:37:23] crowsnest:		Interval: Discrete 0.050s (20.000 fps)
[02/17/24 18:37:23] crowsnest:		Interval: Discrete 0.067s (15.000 fps)
[02/17/24 18:37:23] crowsnest:		Interval: Discrete 0.100s (10.000 fps)
[02/17/24 18:37:23] crowsnest:		Interval: Discrete 0.200s (5.000 fps)
[02/17/24 18:37:23] crowsnest:		Size: Discrete 320x180
[02/17/24 18:37:23] crowsnest:		Interval: Discrete 0.033s (30.000 fps)
[02/17/24 18:37:23] crowsnest:		Interval: Discrete 0.050s (20.000 fps)
[02/17/24 18:37:23] crowsnest:		Interval: Discrete 0.067s (15.000 fps)
[02/17/24 18:37:23] crowsnest:		Interval: Discrete 0.100s (10.000 fps)
[02/17/24 18:37:23] crowsnest:		Interval: Discrete 0.200s (5.000 fps)
[02/17/24 18:37:23] crowsnest:		Size: Discrete 320x240
[02/17/24 18:37:23] crowsnest:		Interval: Discrete 0.033s (30.000 fps)
[02/17/24 18:37:23] crowsnest:		Interval: Discrete 0.050s (20.000 fps)
[02/17/24 18:37:23] crowsnest:		Interval: Discrete 0.067s (15.000 fps)
[02/17/24 18:37:23] crowsnest:		Interval: Discrete 0.100s (10.000 fps)
[02/17/24 18:37:23] crowsnest:		Interval: Discrete 0.200s (5.000 fps)
[02/17/24 18:37:23] crowsnest:		Size: Discrete 352x288
[02/17/24 18:37:23] crowsnest:		Interval: Discrete 0.033s (30.000 fps)
[02/17/24 18:37:23] crowsnest:		Interval: Discrete 0.050s (20.000 fps)
[02/17/24 18:37:23] crowsnest:		Interval: Discrete 0.067s (15.000 fps)
[02/17/24 18:37:23] crowsnest:		Interval: Discrete 0.100s (10.000 fps)
[02/17/24 18:37:23] crowsnest:		Interval: Discrete 0.200s (5.000 fps)
[02/17/24 18:37:23] crowsnest:		Size: Discrete 424x240
[02/17/24 18:37:23] crowsnest:		Interval: Discrete 0.033s (30.000 fps)
[02/17/24 18:37:23] crowsnest:		Interval: Discrete 0.050s (20.000 fps)
[02/17/24 18:37:23] crowsnest:		Interval: Discrete 0.067s (15.000 fps)
[02/17/24 18:37:23] crowsnest:		Interval: Discrete 0.100s (10.000 fps)
[02/17/24 18:37:23] crowsnest:		Interval: Discrete 0.200s (5.000 fps)
[02/17/24 18:37:23] crowsnest:		Size: Discrete 640x360
[02/17/24 18:37:23] crowsnest:		Interval: Discrete 0.033s (30.000 fps)
[02/17/24 18:37:23] crowsnest:		Interval: Discrete 0.050s (20.000 fps)
[02/17/24 18:37:23] crowsnest:		Interval: Discrete 0.067s (15.000 fps)
[02/17/24 18:37:23] crowsnest:		Interval: Discrete 0.100s (10.000 fps)
[02/17/24 18:37:23] crowsnest:		Interval: Discrete 0.200s (5.000 fps)
[02/17/24 18:37:23] crowsnest:		Size: Discrete 848x480
[02/17/24 18:37:23] crowsnest:		Interval: Discrete 0.067s (15.000 fps)
[02/17/24 18:37:23] crowsnest:		Interval: Discrete 0.100s (10.000 fps)
[02/17/24 18:37:23] crowsnest:		Interval: Discrete 0.200s (5.000 fps)
[02/17/24 18:37:23] crowsnest:		Size: Discrete 960x540
[02/17/24 18:37:23] crowsnest:		Interval: Discrete 0.067s (15.000 fps)
[02/17/24 18:37:23] crowsnest:		Interval: Discrete 0.100s (10.000 fps)
[02/17/24 18:37:23] crowsnest:		Interval: Discrete 0.200s (5.000 fps)
[02/17/24 18:37:23] crowsnest:		Size: Discrete 1280x720
[02/17/24 18:37:23] crowsnest:		Interval: Discrete 0.100s (10.000 fps)
[02/17/24 18:37:23] crowsnest:		Interval: Discrete 0.200s (5.000 fps)
[02/17/24 18:37:23] crowsnest:		[1]: 'MJPG' (Motion-JPEG, compressed)
[02/17/24 18:37:23] crowsnest:		Size: Discrete 640x480
[02/17/24 18:37:23] crowsnest:		Interval: Discrete 0.033s (30.000 fps)
[02/17/24 18:37:23] crowsnest:		Interval: Discrete 0.050s (20.000 fps)
[02/17/24 18:37:23] crowsnest:		Interval: Discrete 0.067s (15.000 fps)
[02/17/24 18:37:23] crowsnest:		Interval: Discrete 0.100s (10.000 fps)
[02/17/24 18:37:23] crowsnest:		Interval: Discrete 0.200s (5.000 fps)
[02/17/24 18:37:23] crowsnest:		Size: Discrete 160x120
[02/17/24 18:37:23] crowsnest:		Interval: Discrete 0.033s (30.000 fps)
[02/17/24 18:37:23] crowsnest:		Interval: Discrete 0.050s (20.000 fps)
[02/17/24 18:37:23] crowsnest:		Interval: Discrete 0.067s (15.000 fps)
[02/17/24 18:37:23] crowsnest:		Interval: Discrete 0.100s (10.000 fps)
[02/17/24 18:37:23] crowsnest:		Interval: Discrete 0.200s (5.000 fps)
[02/17/24 18:37:23] crowsnest:		Size: Discrete 176x144
[02/17/24 18:37:23] crowsnest:		Interval: Discrete 0.033s (30.000 fps)
[02/17/24 18:37:23] crowsnest:		Interval: Discrete 0.050s (20.000 fps)
[02/17/24 18:37:23] crowsnest:		Interval: Discrete 0.067s (15.000 fps)
[02/17/24 18:37:23] crowsnest:		Interval: Discrete 0.100s (10.000 fps)
[02/17/24 18:37:23] crowsnest:		Interval: Discrete 0.200s (5.000 fps)
[02/17/24 18:37:23] crowsnest:		Size: Discrete 320x180
[02/17/24 18:37:23] crowsnest:		Interval: Discrete 0.033s (30.000 fps)
[02/17/24 18:37:23] crowsnest:		Interval: Discrete 0.050s (20.000 fps)
[02/17/24 18:37:23] crowsnest:		Interval: Discrete 0.067s (15.000 fps)
[02/17/24 18:37:23] crowsnest:		Interval: Discrete 0.100s (10.000 fps)
[02/17/24 18:37:23] crowsnest:		Interval: Discrete 0.200s (5.000 fps)
[02/17/24 18:37:23] crowsnest:		Size: Discrete 320x240
[02/17/24 18:37:23] crowsnest:		Interval: Discrete 0.033s (30.000 fps)
[02/17/24 18:37:23] crowsnest:		Interval: Discrete 0.050s (20.000 fps)
[02/17/24 18:37:23] crowsnest:		Interval: Discrete 0.067s (15.000 fps)
[02/17/24 18:37:23] crowsnest:		Interval: Discrete 0.100s (10.000 fps)
[02/17/24 18:37:23] crowsnest:		Interval: Discrete 0.200s (5.000 fps)
[02/17/24 18:37:23] crowsnest:		Size: Discrete 352x288
[02/17/24 18:37:23] crowsnest:		Interval: Discrete 0.033s (30.000 fps)
[02/17/24 18:37:23] crowsnest:		Interval: Discrete 0.050s (20.000 fps)
[02/17/24 18:37:23] crowsnest:		Interval: Discrete 0.067s (15.000 fps)
[02/17/24 18:37:23] crowsnest:		Interval: Discrete 0.100s (10.000 fps)
[02/17/24 18:37:23] crowsnest:		Interval: Discrete 0.200s (5.000 fps)
[02/17/24 18:37:23] crowsnest:		Size: Discrete 424x240
[02/17/24 18:37:23] crowsnest:		Interval: Discrete 0.033s (30.000 fps)
[02/17/24 18:37:23] crowsnest:		Interval: Discrete 0.050s (20.000 fps)
[02/17/24 18:37:23] crowsnest:		Interval: Discrete 0.067s (15.000 fps)
[02/17/24 18:37:23] crowsnest:		Interval: Discrete 0.100s (10.000 fps)
[02/17/24 18:37:23] crowsnest:		Interval: Discrete 0.200s (5.000 fps)
[02/17/24 18:37:23] crowsnest:		Size: Discrete 640x360
[02/17/24 18:37:23] crowsnest:		Interval: Discrete 0.033s (30.000 fps)
[02/17/24 18:37:23] crowsnest:		Interval: Discrete 0.050s (20.000 fps)
[02/17/24 18:37:23] crowsnest:		Interval: Discrete 0.067s (15.000 fps)
[02/17/24 18:37:23] crowsnest:		Interval: Discrete 0.100s (10.000 fps)
[02/17/24 18:37:23] crowsnest:		Interval: Discrete 0.200s (5.000 fps)
[02/17/24 18:37:23] crowsnest:		Size: Discrete 848x480
[02/17/24 18:37:23] crowsnest:		Interval: Discrete 0.033s (30.000 fps)
[02/17/24 18:37:23] crowsnest:		Interval: Discrete 0.050s (20.000 fps)
[02/17/24 18:37:23] crowsnest:		Interval: Discrete 0.067s (15.000 fps)
[02/17/24 18:37:23] crowsnest:		Interval: Discrete 0.100s (10.000 fps)
[02/17/24 18:37:23] crowsnest:		Interval: Discrete 0.200s (5.000 fps)
[02/17/24 18:37:23] crowsnest:		Size: Discrete 960x540
[02/17/24 18:37:23] crowsnest:		Interval: Discrete 0.033s (30.000 fps)
[02/17/24 18:37:23] crowsnest:		Interval: Discrete 0.050s (20.000 fps)
[02/17/24 18:37:23] crowsnest:		Interval: Discrete 0.067s (15.000 fps)
[02/17/24 18:37:23] crowsnest:		Interval: Discrete 0.100s (10.000 fps)
[02/17/24 18:37:23] crowsnest:		Interval: Discrete 0.200s (5.000 fps)
[02/17/24 18:37:23] crowsnest:		Size: Discrete 1280x720
[02/17/24 18:37:23] crowsnest:		Interval: Discrete 0.033s (30.000 fps)
[02/17/24 18:37:23] crowsnest:		Interval: Discrete 0.050s (20.000 fps)
[02/17/24 18:37:23] crowsnest:		Interval: Discrete 0.067s (15.000 fps)
[02/17/24 18:37:23] crowsnest:		Interval: Discrete 0.100s (10.000 fps)
[02/17/24 18:37:23] crowsnest:		Interval: Discrete 0.200s (5.000 fps)
[02/17/24 18:37:23] crowsnest: Supported Controls:
[02/17/24 18:37:23] crowsnest:		
[02/17/24 18:37:23] crowsnest:		User Controls
[02/17/24 18:37:23] crowsnest:		
[02/17/24 18:37:23] crowsnest:		brightness 0x00980900 (int)    : min=-64 max=64 step=1 default=0 value=0
[02/17/24 18:37:23] crowsnest:		contrast 0x00980901 (int)    : min=0 max=64 step=1 default=32 value=32
[02/17/24 18:37:23] crowsnest:		saturation 0x00980902 (int)    : min=0 max=128 step=1 default=64 value=64
[02/17/24 18:37:23] crowsnest:		hue 0x00980903 (int)    : min=-40 max=40 step=1 default=0 value=0
[02/17/24 18:37:23] crowsnest:		white_balance_automatic 0x0098090c (bool)   : default=1 value=1
[02/17/24 18:37:23] crowsnest:		gamma 0x00980910 (int)    : min=72 max=500 step=1 default=100 value=100
[02/17/24 18:37:23] crowsnest:		power_line_frequency 0x00980918 (menu)   : min=0 max=2 default=1 value=1 (50 Hz)
[02/17/24 18:37:23] crowsnest:		0: Disabled
[02/17/24 18:37:23] crowsnest:		1: 50 Hz
[02/17/24 18:37:23] crowsnest:		2: 60 Hz
[02/17/24 18:37:23] crowsnest:		white_balance_temperature 0x0098091a (int)    : min=2800 max=6500 step=1 default=4000 value=4000 flags=inactive
[02/17/24 18:37:23] crowsnest:		sharpness 0x0098091b (int)    : min=0 max=5 step=1 default=3 value=3
[02/17/24 18:37:23] crowsnest:		backlight_compensation 0x0098091c (int)    : min=0 max=1 step=1 default=0 value=0
[02/17/24 18:37:23] crowsnest:		
[02/17/24 18:37:23] crowsnest:		Camera Controls
[02/17/24 18:37:23] crowsnest:		
[02/17/24 18:37:23] crowsnest:		auto_exposure 0x009a0901 (menu)   : min=0 max=3 default=3 value=3 (Aperture Priority Mode)
[02/17/24 18:37:23] crowsnest:		1: Manual Mode
[02/17/24 18:37:23] crowsnest:		3: Aperture Priority Mode
[02/17/24 18:37:23] crowsnest:		exposure_time_absolute 0x009a0902 (int)    : min=40 max=10000 step=1 default=1280 value=1280 flags=inactive
[02/17/24 18:37:23] crowsnest:		exposure_dynamic_framerate 0x009a0903 (bool)   : default=0 value=1
[02/17/24 18:37:23] crowsnest: Try to start configured Cams / Services...
[02/17/24 18:37:24] crowsnest: INFO: Configuration of Section [cam 1] looks good. Continue ...
[02/17/24 18:37:24] crowsnest: V4L2 Control: No parameters set for [cam 1]. Skipped.
[02/17/24 18:37:25] crowsnest: Starting ustreamer with Device /dev/video1 ...
[02/17/24 18:37:27] crowsnest:  ... Done!
