===== Config file =====
[exclude_object]

[gcode_macro BED_MESH_CALIBRATE]
rename_existing = _BED_MESH_CALIBRATE
gcode = 
	
	{% set all_points = printer.exclude_object.objects | map(attribute='polygon') | sum(start=[]) %}
	{% set bed_mesh_min = printer.configfile.settings.bed_mesh.mesh_min %}
	{% set bed_mesh_max = printer.configfile.settings.bed_mesh.mesh_max %}
	{% set probe_count = printer.configfile.settings.bed_mesh.probe_count %}
	{% set kamp_settings = printer["gcode_macro _KAMP_Settings"] %}
	{% set verbose_enable = kamp_settings.verbose_enable | abs %}
	{% set probe_dock_enable = kamp_settings.probe_dock_enable | abs %}
	{% set attach_macro = kamp_settings.attach_macro | string %}
	{% set detach_macro = kamp_settings.detach_macro | string %}
	{% set mesh_margin = kamp_settings.mesh_margin | float %}
	{% set fuzz_amount = kamp_settings.fuzz_amount | float %}
	{% set probe_count = probe_count if probe_count|length > 1 else probe_count * 2  %}
	{% set max_probe_point_distance_x = ( bed_mesh_max[0] - bed_mesh_min[0] ) / (probe_count[0] - 1)  %}
	{% set max_probe_point_distance_y = ( bed_mesh_max[1] - bed_mesh_min[1] ) / (probe_count[1] - 1)  %}
	{% set x_min = all_points | map(attribute=0) | min | default(bed_mesh_min[0]) %}
	{% set y_min = all_points | map(attribute=1) | min | default(bed_mesh_min[1]) %}
	{% set x_max = all_points | map(attribute=0) | max | default(bed_mesh_max[0]) %}
	{% set y_max = all_points | map(attribute=1) | max | default(bed_mesh_max[1]) %}
	
	{% set fuzz_range = range((0) | int, (fuzz_amount * 100) | int + 1) %}
	{% set adapted_x_min = x_min - mesh_margin - (fuzz_range | random / 100.0) %}
	{% set adapted_y_min = y_min - mesh_margin - (fuzz_range | random / 100.0) %}
	{% set adapted_x_max = x_max + mesh_margin + (fuzz_range | random / 100.0) %}
	{% set adapted_y_max = y_max + mesh_margin + (fuzz_range | random / 100.0) %}
	
	{% set adapted_x_min = [adapted_x_min , bed_mesh_min[0]] | max %}
	{% set adapted_y_min = [adapted_y_min , bed_mesh_min[1]] | max %}
	{% set adapted_x_max = [adapted_x_max , bed_mesh_max[0]] | min %}
	{% set adapted_y_max = [adapted_y_max , bed_mesh_max[1]] | min %}
	
	{% set points_x = (((adapted_x_max - adapted_x_min) / max_probe_point_distance_x) | round(method='ceil') | int) + 1 %}
	{% set points_y = (((adapted_y_max - adapted_y_min) / max_probe_point_distance_y) | round(method='ceil') | int) + 1 %}
	
	{% if (([points_x, points_y]|max) > 6) %}
	{% set algorithm = "bicubic" %}
	{% set min_points = 4 %}
	{% else %}
	{% set algorithm = "lagrange" %}
	{% set min_points = 3 %}
	{% endif %}
	
	{% set points_x = [points_x , min_points]|max %}
	{% set points_y = [points_y , min_points]|max %}
	{% set points_x = [points_x , probe_count[0]]|min %}
	{% set points_y = [points_y , probe_count[1]]|min %}
	
	{% if verbose_enable == True %}
	{% if printer.exclude_object.objects != [] %}
	
	{ action_respond_info( "Algorithm: {}.".format(
	(algorithm),
	)) }
	
	{ action_respond_info("Default probe count: {},{}.".format(
	(probe_count[0]),
	(probe_count[1]),
	)) }
	
	{ action_respond_info("Adapted probe count: {},{}.".format(
	(points_x),
	(points_y),
	)) }
	
	{action_respond_info("Default mesh bounds: {}, {}.".format(
	(bed_mesh_min[0],bed_mesh_min[1]),
	(bed_mesh_max[0],bed_mesh_max[1]),
	)) }
	
	{% if mesh_margin > 0 %}
	{action_respond_info("Mesh margin is {}, mesh bounds extended by {}mm.".format(
	(mesh_margin),
	(mesh_margin),
	)) }
	{% else %}
	{action_respond_info("Mesh margin is 0, margin not increased.")}
	{% endif %}
	
	{% if fuzz_amount > 0 %}
	{action_respond_info("Mesh point fuzzing enabled, points fuzzed up to {}mm.".format(
	(fuzz_amount),
	)) }
	{% else %}
	{action_respond_info("Fuzz amount is 0, mesh points not fuzzed.")}
	{% endif %}
	
	{ action_respond_info("Adapted mesh bounds: {}, {}.".format(
	(adapted_x_min, adapted_y_min),
	(adapted_x_max, adapted_y_max),
	)) }
	
	{action_respond_info("KAMP adjustments successful. Happy KAMPing!")}
	
	{% else %}
	
	{action_respond_info("No objects detected! Check your gcode and make sure that EXCLUDE_OBJECT_DEFINE is happening before BED_MESH_CALIBRATE is called. Defaulting to regular meshing.")}
	G4 P5000
	{% endif %}
	
	{% endif %}
	
	{% if probe_dock_enable == True %}
	{attach_macro}
	{% endif %}
	
	_BED_MESH_CALIBRATE mesh_min={adapted_x_min},{adapted_y_min} mesh_max={adapted_x_max},{adapted_y_max} ALGORITHM={algorithm} PROBE_COUNT={points_x},{points_y}
	
	{% if probe_dock_enable == True %}
	{detach_macro}
	{% endif %}

[gcode_macro _KAMP_Settings]
description = This macro contains all adjustable settings for KAMP
variable_verbose_enable = True
variable_mesh_margin = 0
variable_fuzz_amount = 0
variable_probe_dock_enable = False
variable_attach_macro = 'Attach_Probe'
variable_detach_macro = 'Dock_Probe'
variable_purge_height = 0.8
variable_tip_distance = 0
variable_purge_margin = 10
variable_purge_amount = 30
variable_flow_rate = 12
variable_smart_park_height = 10
gcode = 
	
	{action_respond_info(" Running the KAMP_Settings macro does nothing, it is only used for storing KAMP settings. ")}

[stepper_x]
step_pin = PC2
dir_pin = PB9
enable_pin = !PC3
microsteps = 16
rotation_distance = 40
endstop_pin = !PA5
position_endstop = -10
position_max = 235
position_min = -10
homing_speed = 50

[stepper_y]
step_pin = PB8
dir_pin = PB7
enable_pin = !PC3
microsteps = 16
rotation_distance = 40
endstop_pin = !PA6
position_endstop = -8
position_max = 225
position_min = -8
homing_speed = 50

[stepper_z]
step_pin = PB6
dir_pin = !PB5
enable_pin = !PC3
microsteps = 16
rotation_distance = 8
endstop_pin = probe:z_virtual_endstop
position_max = 270
position_min = -4

[extruder]
step_pin = PB4
dir_pin = PB3
enable_pin = !PC3
microsteps = 16
gear_ratio = 42:12
rotation_distance = 26.359
nozzle_diameter = 0.400
filament_diameter = 1.750
heater_pin = PA1
sensor_type = EPCOS 100K B57560G104F
sensor_pin = PC5
control = pid
pid_kp = 23.561
pid_ki = 1.208
pid_kd = 114.859
min_temp = 0
max_temp = 260
pressure_advance = 0.12

[heater_bed]
heater_pin = PA7
sensor_type = EPCOS 100K B57560G104F
sensor_pin = PC4
control = pid
pid_kp = 71.867
pid_ki = 1.536
pid_kd = 840.843
min_temp = 0
max_temp = 100

[heater_fan hotend_fan]
pin = PC0

[fan]
pin = PA0

[mcu]
serial = /dev/serial/by-id/usb-1a86_USB_Serial-if00-port0
restart_method = command

[printer]
kinematics = cartesian
max_velocity = 300
max_accel = 2000
max_z_velocity = 5
max_z_accel = 100

[bltouch]
sensor_pin = ^PC14
control_pin = PC13
x_offset = -31.8
y_offset = -40.5
probe_with_touch_mode = true
stow_on_each_sample = false
z_offset = 3.290

[bed_mesh]
speed = 120
mesh_min = 10, 10
mesh_max = 200, 194
probe_count = 4,4
algorithm = bicubic

[safe_z_home]
home_xy_position = 147, 154
speed = 75
z_hop = 10
z_hop_speed = 5

[filament_switch_sensor e0_sensor]
switch_pin = !PC15
pause_on_runout = true
runout_gcode = PAUSE

[pause_resume]
recover_velocity = 25

[bed_screws]
screw1 = 20, 29
screw2 = 195, 29
screw3 = 195, 198
screw4 = 20, 198

[virtual_sdcard]
path = ~/printer_data/gcodes

[display_status]

[respond]

[gcode_macro START_PRINT]
gcode = 
	
	RESPOND TYPE=error MSG='start_print ran'

[gcode_macro PAUSE]
description = Pause the actual running print
rename_existing = PAUSE_BASE
variable_extrude = 1.0
gcode = 
	
	{% set E = printer["gcode_macro PAUSE"].extrude|float %}
	
	
	{% set x_park = printer.toolhead.axis_maximum.x|float - 5.0 %}
	{% set y_park = printer.toolhead.axis_maximum.y|float - 5.0 %}
	
	{% set max_z = printer.toolhead.axis_maximum.z|float %}
	{% set act_z = printer.toolhead.position.z|float %}
	{% if act_z < (max_z - 2.0) %}
	{% set z_safe = 2.0 %}
	{% else %}
	{% set z_safe = max_z - act_z %}
	{% endif %}
	
	PAUSE_BASE
	G91
	{% if printer.extruder.can_extrude|lower == 'true' %}
	G1 E-{E} F2100
	{% else %}
	{action_respond_info("Extruder not hot enough")}
	{% endif %}
	{% if "xyz" in printer.toolhead.homed_axes %}
	G1 Z{z_safe} F900
	G90
	G1 X{x_park} Y{y_park} F6000
	{% else %}
	{action_respond_info("Printer not homed")}
	{% endif %}

[gcode_macro RESUME]
description = Resume the actual running print
rename_existing = RESUME_BASE
gcode = 
	
	{% set E = printer["gcode_macro PAUSE"].extrude|float %}
	
	{% if 'VELOCITY' in params|upper %}
	{% set get_params = ('VELOCITY=' + params.VELOCITY)  %}
	{%else %}
	{% set get_params = "" %}
	{% endif %}
	
	{% if printer.extruder.can_extrude|lower == 'true' %}
	G91
	G1 E{E} F2100
	{% else %}
	{action_respond_info("Extruder not hot enough")}
	{% endif %}
	RESUME_BASE {get_params}

[gcode_macro CANCEL_PRINT]
description = Cancel the actual running print
rename_existing = CANCEL_PRINT_BASE
gcode = 
	TURN_OFF_HEATERS
	CANCEL_PRINT_BASE

[bed_mesh default]
version = 1
points = 
	-0.035000, -0.037500, 0.060000
	-0.032500, -0.040000, 0.067500
	-0.030000, -0.027500, 0.065000
x_count = 3
y_count = 3
mesh_x_pps = 2
mesh_y_pps = 2
algo = lagrange
tension = 0.2
min_x = 100.21
max_x = 147.41
min_y = 97.74000000000001
max_y = 119.77000000000001
=======================
Loaded MCU 'mcu' 106 commands (v0.12.0-111-g4f00f219 / gcc: (15:10.3-2021.07-4) 10.3.1 20210621 (release) binutils: (2.38-3ubuntu1+15build1) 2.38)
MCU 'mcu' config: ADC_MAX=4095 BUS_PINS_i2c1=PB6,PB7 BUS_PINS_i2c1a=PB8,PB9 BUS_PINS_i2c2=PB10,PB11 BUS_PINS_spi1=PA6,PA7,PA5 BUS_PINS_spi1a=PB4,PB5,PB3 BUS_PINS_spi2=PB14,PB15,PB13 BUS_PINS_spi3=PB4,PB5,PB3 CLOCK_FREQ=72000000 MCU=stm32f103xe PWM_MAX=255 RECEIVE_WINDOW=192 RESERVE_PINS_serial=PA10,PA9 SERIAL_BAUD=250000 STATS_SUMSQ_BASE=256 STEPPER_BOTH_EDGE=1
Configured MCU 'mcu' (1024 moves)
Args: ['/home/daniel/klipper/klippy/klippy.py', '/home/daniel/printer_data/config/printer.cfg', '-I', '/home/daniel/printer_data/comms/klippy.serial', '-l', '/home/daniel/printer_data/logs/klippy.log', '-a', '/home/daniel/printer_data/comms/klippy.sock']
Git version: 'v0.12.0-111-g4f00f219'
Branch: master
Remote: origin
Tracked URL: https://github.com/Klipper3d/klipper
CPU: 4 core Intel(R) Core(TM) i5-5200U CPU @ 2.20GHz
Python: '3.10.12 (main, Nov 20 2023, 15:14:05) [GCC 11.4.0]'
webhooks client 140121724015024: {'program': 'Moonraker', 'version': 'v0.8.0-311-g65a8271'}
=============== Log rollover at Tue Feb 20 00:00:00 2024 ===============
Stats 10650446.7: gcodein=0  mcu: mcu_awake=0.023 mcu_task_avg=0.000034 mcu_task_stddev=0.000031 bytes_write=4340596 bytes_read=2831969 bytes_retransmit=0 bytes_invalid=0 send_seq=101707 receive_seq=101707 retransmit_seq=0 srtt=0.002 rttvar=0.000 rto=0.025 ready_bytes=10 upcoming_bytes=0 freq=71999162 heater_bed: target=60 temp=60.0 pwm=0.058 sd_pos=278345 sysload=2.35 cputime=1646.309 memavail=6263944 print_time=20287.311 buffer_time=2.072 print_stall=0 extruder: target=210 temp=210.0 pwm=0.281
Stats 10650447.7: gcodein=0  mcu: mcu_awake=0.019 mcu_task_avg=0.000034 mcu_task_stddev=0.000031 bytes_write=4344342 bytes_read=2832421 bytes_retransmit=0 bytes_invalid=0 send_seq=101772 receive_seq=101772 retransmit_seq=0 srtt=0.002 rttvar=0.000 rto=0.025 ready_bytes=0 upcoming_bytes=0 freq=71999160 heater_bed: target=60 temp=60.0 pwm=0.207 sd_pos=278760 sysload=2.35 cputime=1646.322 memavail=6235116 print_time=20288.464 buffer_time=2.224 print_stall=0 extruder: target=210 temp=210.0 pwm=0.294
Stats 10650448.7: gcodein=0  mcu: mcu_awake=0.019 mcu_task_avg=0.000034 mcu_task_stddev=0.000031 bytes_write=4347106 bytes_read=2832749 bytes_retransmit=0 bytes_invalid=0 send_seq=101818 receive_seq=101818 retransmit_seq=0 srtt=0.003 rttvar=0.000 rto=0.025 ready_bytes=0 upcoming_bytes=0 freq=71999161 heater_bed: target=60 temp=60.0 pwm=0.207 sd_pos=279098 sysload=2.35 cputime=1646.333 memavail=6363996 print_time=20289.334 buffer_time=2.094 print_stall=0 extruder: target=210 temp=209.9 pwm=0.390
Stats 10650449.7: gcodein=0  mcu: mcu_awake=0.019 mcu_task_avg=0.000034 mcu_task_stddev=0.000031 bytes_write=4350196 bytes_read=2833122 bytes_retransmit=0 bytes_invalid=0 send_seq=101870 receive_seq=101870 retransmit_seq=0 srtt=0.002 rttvar=0.000 rto=0.025 ready_bytes=0 upcoming_bytes=0 freq=71999164 heater_bed: target=60 temp=60.0 pwm=0.124 sd_pos=279873 sysload=3.05 cputime=1646.345 memavail=6357596 print_time=20290.452 buffer_time=2.211 print_stall=0 extruder: target=210 temp=210.0 pwm=0.283
Stats 10650450.7: gcodein=0  mcu: mcu_awake=0.019 mcu_task_avg=0.000034 mcu_task_stddev=0.000031 bytes_write=4353778 bytes_read=2833539 bytes_retransmit=0 bytes_invalid=0 send_seq=101931 receive_seq=101931 retransmit_seq=0 srtt=0.002 rttvar=0.000 rto=0.025 ready_bytes=30 upcoming_bytes=0 freq=71999162 heater_bed: target=60 temp=60.0 pwm=0.164 sd_pos=280793 sysload=3.05 cputime=1646.360 memavail=6340636 print_time=20291.716 buffer_time=2.475 print_stall=0 extruder: target=210 temp=209.8 pwm=0.383
Stats 10650451.8: gcodein=0  mcu: mcu_awake=0.019 mcu_task_avg=0.000034 mcu_task_stddev=0.000031 bytes_write=4355644 bytes_read=2833792 bytes_retransmit=0 bytes_invalid=0 send_seq=101962 receive_seq=101962 retransmit_seq=0 srtt=0.002 rttvar=0.000 rto=0.025 ready_bytes=0 upcoming_bytes=0 freq=71999162 heater_bed: target=60 temp=60.0 pwm=0.194 sd_pos=281168 sysload=3.05 cputime=1646.370 memavail=6317592 print_time=20292.361 buffer_time=2.119 print_stall=0 extruder: target=210 temp=209.9 pwm=0.383
Stats 10650452.8: gcodein=0  mcu: mcu_awake=0.020 mcu_task_avg=0.000034 mcu_task_stddev=0.000031 bytes_write=4359038 bytes_read=2834200 bytes_retransmit=0 bytes_invalid=0 send_seq=102018 receive_seq=102018 retransmit_seq=0 srtt=0.003 rttvar=0.000 rto=0.025 ready_bytes=0 upcoming_bytes=0 freq=71999162 heater_bed: target=60 temp=60.0 pwm=0.194 sd_pos=282030 sysload=3.05 cputime=1646.382 memavail=6305272 print_time=20293.573 buffer_time=2.330 print_stall=0 extruder: target=210 temp=210.0 pwm=0.252
Stats 10650453.8: gcodein=0  mcu: mcu_awake=0.020 mcu_task_avg=0.000034 mcu_task_stddev=0.000031 bytes_write=4361510 bytes_read=2834522 bytes_retransmit=0 bytes_invalid=0 send_seq=102060 receive_seq=102060 retransmit_seq=0 srtt=0.003 rttvar=0.000 rto=0.025 ready_bytes=57 upcoming_bytes=0 freq=71999162 heater_bed: target=60 temp=60.0 pwm=0.194 sd_pos=282318 sysload=3.05 cputime=1646.391 memavail=6310392 print_time=20294.390 buffer_time=2.146 print_stall=0 extruder: target=210 temp=210.0 pwm=0.315
